#
# There is insufficient memory for the Java Runtime Environment to continue.
# Native memory allocation (malloc) failed to allocate 2053136 bytes for Chunk::new
# Possible reasons:
#   The system is out of physical RAM or swap space
#   The process is running with CompressedOops enabled, and the Java Heap may be blocking the growth of the native heap
# Possible solutions:
#   Reduce memory load on the system
#   Increase physical memory or swap space
#   Check if swap backing store is full
#   Decrease Java heap size (-Xmx/-Xms)
#   Decrease number of Java threads
#   Decrease Java thread stack sizes (-Xss)
#   Set larger code cache with -XX:ReservedCodeCacheSize=
#   JVM is running with Unscaled Compressed Oops mode in which the Java heap is
#     placed in the first 4GB address space. The Java Heap base address is the
#     maximum limit for the native heap growth. Please use -XX:HeapBaseMinAddress
#     to set the Java Heap base and to place the Java Heap above 4GB virtual address.
# This output file may be truncated or incomplete.
#
#  Out of Memory Error (t:/workspace/open/src/hotspot/share/memory/arena.cpp:198), pid=3296, tid=5960
#
# JRE version: Java(TM) SE Runtime Environment (10.0.2+13) (build 10.0.2+13)
# Java VM: Java HotSpot(TM) 64-Bit Server VM (10.0.2+13, mixed mode, tiered, compressed oops, g1 gc, windows-amd64)
# No core dump will be written. Minidumps are not enabled by default on client versions of Windows
#

---------------  S U M M A R Y ------------

Command Line: -XX:+HeapDumpOnOutOfMemoryError -Xmx1024m -Dfile.encoding=windows-1250 -Duser.country=PL -Duser.language=pl -Duser.variant org.gradle.launcher.daemon.bootstrap.GradleDaemon 4.8

Host: Intel(R) Core(TM) i5-5200U CPU @ 2.20GHz, 4 cores, 7G,  Windows 10 , 64 bit Build 17134 (10.0.17134.648)
Time: Sat Mar 16 16:06:37 2019 ?rodkowoeuropejski czas stand. elapsed time: 5 seconds (0d 0h 0m 5s)

---------------  T H R E A D  ---------------

Current thread (0x0000017dc60e9800):  JavaThread "C2 CompilerThread0" daemon [_thread_in_native, id=5960, stack(0x0000006411f00000,0x0000006412000000)]


Current CompileTask:
C2:   5367 2277   !   4       java.net.URLClassLoader$1::run (63 bytes)

Stack: [0x0000006411f00000,0x0000006412000000]
Native frames: (J=compiled Java code, j=interpreted, Vv=VM code, C=native code)
V  [jvm.dll+0x5a01a9]
V  [jvm.dll+0x6bcf31]
V  [jvm.dll+0x6be126]
V  [jvm.dll+0x6be7b3]
V  [jvm.dll+0x234978]
V  [jvm.dll+0xbb69c]
V  [jvm.dll+0xbbbac]
V  [jvm.dll+0x34bee1]
V  [jvm.dll+0x3110aa]
V  [jvm.dll+0x31063a]
V  [jvm.dll+0x1ffe91]
V  [jvm.dll+0x1ff116]
V  [jvm.dll+0x17c94b]
V  [jvm.dll+0x20c8dd]
V  [jvm.dll+0x20b6a6]
V  [jvm.dll+0x68b7ff]
V  [jvm.dll+0x59f4b0]
C  [msvcr120.dll+0x24f7f]
C  [msvcr120.dll+0x25126]
C  [KERNEL32.DLL+0x13dc4]
C  [ntdll.dll+0x73691]


---------------  P R O C E S S  ---------------

Threads class SMR info:
_java_thread_list=0x0000017dc8373700, length=23, elements={
0x0000017da723f800, 0x0000017dc6091000, 0x0000017dc6092000, 0x0000017dc60e4800,
0x0000017dc60e5800, 0x0000017dc60e9800, 0x0000017dc60ec800, 0x0000017dc60fd000,
0x0000017dc6a7d800, 0x0000017dc6bf0800, 0x0000017dc6bf5000, 0x0000017dc81ec800,
0x0000017dc783b800, 0x0000017dc844f800, 0x0000017dc7d81000, 0x0000017dc8451000,
0x0000017dc852d800, 0x0000017dc8528800, 0x0000017dc852a000, 0x0000017dc848f000,
0x0000017dc839a800, 0x0000017dc839f000, 0x0000017dc839d800
}

Java Threads: ( => current thread )
  0x0000017da723f800 JavaThread "main" [_thread_blocked, id=13988, stack(0x0000006410e00000,0x0000006410f00000)]
  0x0000017dc6091000 JavaThread "Reference Handler" daemon [_thread_blocked, id=12152, stack(0x0000006411b00000,0x0000006411c00000)]
  0x0000017dc6092000 JavaThread "Finalizer" daemon [_thread_blocked, id=11704, stack(0x0000006411c00000,0x0000006411d00000)]
  0x0000017dc60e4800 JavaThread "Signal Dispatcher" daemon [_thread_blocked, id=13672, stack(0x0000006411d00000,0x0000006411e00000)]
  0x0000017dc60e5800 JavaThread "Attach Listener" daemon [_thread_blocked, id=2780, stack(0x0000006411e00000,0x0000006411f00000)]
=>0x0000017dc60e9800 JavaThread "C2 CompilerThread0" daemon [_thread_in_native, id=5960, stack(0x0000006411f00000,0x0000006412000000)]
  0x0000017dc60ec800 JavaThread "C2 CompilerThread1" daemon [_thread_in_native, id=232, stack(0x0000006412000000,0x0000006412100000)]
  0x0000017dc60fd000 JavaThread "C1 CompilerThread2" daemon [_thread_blocked, id=11424, stack(0x0000006412100000,0x0000006412200000)]
  0x0000017dc6a7d800 JavaThread "Sweeper thread" daemon [_thread_blocked, id=11272, stack(0x0000006412200000,0x0000006412300000)]
  0x0000017dc6bf0800 JavaThread "Service Thread" daemon [_thread_blocked, id=12688, stack(0x0000006412300000,0x0000006412400000)]
  0x0000017dc6bf5000 JavaThread "Common-Cleaner" daemon [_thread_blocked, id=8264, stack(0x0000006412400000,0x0000006412500000)]
  0x0000017dc81ec800 JavaThread "Daemon health stats" [_thread_blocked, id=1148, stack(0x0000006412600000,0x0000006412700000)]
  0x0000017dc783b800 JavaThread "Incoming local TCP Connector on port 51587" [_thread_in_native, id=4824, stack(0x0000006412700000,0x0000006412800000)]
  0x0000017dc844f800 JavaThread "Daemon periodic checks" [_thread_blocked, id=6084, stack(0x0000006412800000,0x0000006412900000)]
  0x0000017dc7d81000 JavaThread "Daemon" [_thread_blocked, id=212, stack(0x0000006412900000,0x0000006412a00000)]
  0x0000017dc8451000 JavaThread "Handler for socket connection from /127.0.0.1:51587 to /127.0.0.1:51588" [_thread_in_native, id=4340, stack(0x0000006412a00000,0x0000006412b00000)]
  0x0000017dc852d800 JavaThread "Cancel handler" [_thread_blocked, id=5840, stack(0x0000006412b00000,0x0000006412c00000)]
  0x0000017dc8528800 JavaThread "Daemon worker" [_thread_in_Java, id=2424, stack(0x0000006412c00000,0x0000006412d00000)]
  0x0000017dc852a000 JavaThread "Asynchronous log dispatcher for DefaultDaemonConnection: socket connection from /127.0.0.1:51587 to /127.0.0.1:51588" [_thread_blocked, id=3504, stack(0x0000006412d00000,0x0000006412e00000)]
  0x0000017dc848f000 JavaThread "Stdin handler" [_thread_blocked, id=2592, stack(0x0000006412e00000,0x0000006412f00000)]
  0x0000017dc839a800 JavaThread "Cache worker for file hash cache (C:\Users\danie\.gradle\caches\4.8\fileHashes)" [_thread_blocked, id=6380, stack(0x0000006412f00000,0x0000006413000000)]
  0x0000017dc839f000 JavaThread "File lock request listener" [_thread_in_native, id=10236, stack(0x0000006413000000,0x0000006413100000)]
  0x0000017dc839d800 JavaThread "Cache worker for file hash cache (C:\Users\danie\Downloads\ProjektPAI2\.gradle\4.8\fileHashes)" [_thread_blocked, id=3080, stack(0x0000006413100000,0x0000006413200000)]

Other Threads:
  0x0000017dc607d800 VMThread "VM Thread" [stack: 0x0000006411a00000,0x0000006411b00000] [id=3912]
  0x0000017dc6bf5800 WatcherThread [stack: 0x0000006412500000,0x0000006412600000] [id=13776]
  0x0000017da7258000 GCTaskThread "GC Thread#0" [stack: 0x0000006410f00000,0x0000006411000000] [id=6176]
  0x0000017da7259800 GCTaskThread "GC Thread#1" [stack: 0x0000006411000000,0x0000006411100000] [id=4716]
  0x0000017da725b000 GCTaskThread "GC Thread#2" [stack: 0x0000006411100000,0x0000006411200000] [id=12816]
  0x0000017da7267000 GCTaskThread "GC Thread#3" [stack: 0x0000006411200000,0x0000006411300000] [id=13124]
  0x0000017da72a2800 ConcurrentGCThread "G1 Main Marker" [stack: 0x0000006411300000,0x0000006411400000] [id=12992]
  0x0000017da72ac800 ConcurrentGCThread "G1 Conc#0" [stack: 0x0000006411400000,0x0000006411500000] [id=576]
  0x0000017dc5f10800 ConcurrentGCThread "G1 Refine#0" [stack: 0x0000006411500000,0x0000006411600000] [id=11768]
  0x0000017dc5f11800 ConcurrentGCThread "G1 Refine#1" [stack: 0x0000006411600000,0x0000006411700000] [id=14232]
  0x0000017da731c800 ConcurrentGCThread "G1 Refine#2" [stack: 0x0000006411700000,0x0000006411800000] [id=8792]
  0x0000017da731e000 ConcurrentGCThread "G1 Refine#3" [stack: 0x0000006411800000,0x0000006411900000] [id=8500]
  0x0000017dc5f14000 ConcurrentGCThread "G1 Young RemSet Sampling" [stack: 0x0000006411900000,0x0000006411a00000] [id=3180]

Threads with active compile tasks:
C2 CompilerThread02277   !   4       java.net.URLClassLoader$1::run (63 bytes)
C2 CompilerThread12278       4       java.util.HashMap::putVal (300 bytes)

VM state:not at safepoint (normal execution)

VM Mutex/Monitor currently owned by a thread: None

Heap address: 0x00000000c0000000, size: 1024 MB, Compressed Oops mode: 32-bit
Narrow klass base: 0x0000000000000000, Narrow klass shift: 3
Compressed class space size: 1073741824 Address: 0x0000000100000000

Heap:
 garbage-first heap   total 131072K, used 26540K [0x00000000c0000000, 0x0000000100000000)
  region size 1024K, 8 young (8192K), 7 survivors (7168K)
 Metaspace       used 29486K, capacity 30038K, committed 30464K, reserved 1075200K
  class space    used 3569K, capacity 3752K, committed 3840K, reserved 1048576K
Heap Regions: E=young(eden), S=young(survivor), O=old, HS=humongous(starts), HC=humongous(continues), CS=collection set, F=free, A=archive, TS=gc time stamp, AC=allocation context, TAMS=top-at-mark-start (previous, next)
|   0|0x00000000c0000000, 0x00000000c0100000, 0x00000000c0100000|100%|HS|  |TS  0|AC  0|TAMS 0x00000000c0100000, 0x00000000c0100000|
|   1|0x00000000c0100000, 0x00000000c0200000, 0x00000000c0200000|100%|HC|  |TS  0|AC  0|TAMS 0x00000000c0200000, 0x00000000c0200000|
|   2|0x00000000c0200000, 0x00000000c0300000, 0x00000000c0300000|100%| O|  |TS  0|AC  0|TAMS 0x00000000c0300000, 0x00000000c0300000|
|   3|0x00000000c0300000, 0x00000000c0400000, 0x00000000c0400000|100%| O|  |TS  0|AC  0|TAMS 0x00000000c0400000, 0x00000000c0400000|
|   4|0x00000000c0400000, 0x00000000c0500000, 0x00000000c0500000|100%| O|  |TS  0|AC  0|TAMS 0x00000000c0500000, 0x00000000c0500000|
|   5|0x00000000c0500000, 0x00000000c0600000, 0x00000000c0600000|100%| O|  |TS  0|AC  0|TAMS 0x00000000c0600000, 0x00000000c0600000|
|   6|0x00000000c0600000, 0x00000000c0700000, 0x00000000c0700000|100%| O|  |TS  0|AC  0|TAMS 0x00000000c0700000, 0x00000000c0700000|
|   7|0x00000000c0700000, 0x00000000c0800000, 0x00000000c0800000|100%| O|  |TS  0|AC  0|TAMS 0x00000000c0800000, 0x00000000c0800000|
|   8|0x00000000c0800000, 0x00000000c0900000, 0x00000000c0900000|100%| O|  |TS  0|AC  0|TAMS 0x00000000c0900000, 0x00000000c0900000|
|   9|0x00000000c0900000, 0x00000000c0a00000, 0x00000000c0a00000|100%| O|  |TS  0|AC  0|TAMS 0x00000000c0a00000, 0x00000000c0a00000|
|  10|0x00000000c0a00000, 0x00000000c0b00000, 0x00000000c0b00000|100%| O|  |TS  0|AC  0|TAMS 0x00000000c0b00000, 0x00000000c0b00000|
|  11|0x00000000c0b00000, 0x00000000c0b6bc00, 0x00000000c0c00000| 42%| O|  |TS  1|AC  0|TAMS 0x00000000c0b6bc00, 0x00000000c0b6bc00|
|  12|0x00000000c0c00000, 0x00000000c0d00000, 0x00000000c0d00000|100%|HS|  |TS  0|AC  0|TAMS 0x00000000c0c00000, 0x00000000c0c00000|
|  13|0x00000000c0d00000, 0x00000000c0e00000, 0x00000000c0e00000|100%|HC|  |TS  0|AC  0|TAMS 0x00000000c0d00000, 0x00000000c0d00000|
|  14|0x00000000c0e00000, 0x00000000c0f00000, 0x00000000c0f00000|100%|HS|  |TS  0|AC  0|TAMS 0x00000000c0e00000, 0x00000000c0e00000|
|  15|0x00000000c0f00000, 0x00000000c1000000, 0x00000000c1000000|100%|HC|  |TS  0|AC  0|TAMS 0x00000000c0f00000, 0x00000000c0f00000|
|  16|0x00000000c1000000, 0x00000000c1100000, 0x00000000c1100000|100%|HC|  |TS  0|AC  0|TAMS 0x00000000c1000000, 0x00000000c1000000|
|  17|0x00000000c1100000, 0x00000000c1200000, 0x00000000c1200000|100%|HS|  |TS  0|AC  0|TAMS 0x00000000c1100000, 0x00000000c1100000|
|  18|0x00000000c1200000, 0x00000000c1300000, 0x00000000c1300000|100%|HC|  |TS  0|AC  0|TAMS 0x00000000c1200000, 0x00000000c1200000|
|  19|0x00000000c1300000, 0x00000000c1400000, 0x00000000c1400000|100%|HC|  |TS  0|AC  0|TAMS 0x00000000c1300000, 0x00000000c1300000|
|  20|0x00000000c1400000, 0x00000000c1400000, 0x00000000c1500000|  0%| F|  |TS  1|AC  0|TAMS 0x00000000c1400000, 0x00000000c1400000|
|  21|0x00000000c1500000, 0x00000000c1500000, 0x00000000c1600000|  0%| F|  |TS  1|AC  0|TAMS 0x00000000c1500000, 0x00000000c1500000|
|  22|0x00000000c1600000, 0x00000000c1600000, 0x00000000c1700000|  0%| F|  |TS  1|AC  0|TAMS 0x00000000c1600000, 0x00000000c1600000|
|  23|0x00000000c1700000, 0x00000000c1700000, 0x00000000c1800000|  0%| F|  |TS  0|AC  0|TAMS 0x00000000c1700000, 0x00000000c1700000|
|  24|0x00000000c1800000, 0x00000000c1800000, 0x00000000c1900000|  0%| F|  |TS  0|AC  0|TAMS 0x00000000c1800000, 0x00000000c1800000|
|  25|0x00000000c1900000, 0x00000000c1900000, 0x00000000c1a00000|  0%| F|  |TS  0|AC  0|TAMS 0x00000000c1900000, 0x00000000c1900000|
|  26|0x00000000c1a00000, 0x00000000c1a00000, 0x00000000c1b00000|  0%| F|  |TS  0|AC  0|TAMS 0x00000000c1a00000, 0x00000000c1a00000|
|  27|0x00000000c1b00000, 0x00000000c1b00000, 0x00000000c1c00000|  0%| F|  |TS  0|AC  0|TAMS 0x00000000c1b00000, 0x00000000c1b00000|
|  28|0x00000000c1c00000, 0x00000000c1c00000, 0x00000000c1d00000|  0%| F|  |TS  0|AC  0|TAMS 0x00000000c1c00000, 0x00000000c1c00000|
|  29|0x00000000c1d00000, 0x00000000c1d00000, 0x00000000c1e00000|  0%| F|  |TS  0|AC  0|TAMS 0x00000000c1d00000, 0x00000000c1d00000|
|  30|0x00000000c1e00000, 0x00000000c1e00000, 0x00000000c1f00000|  0%| F|  |TS  0|AC  0|TAMS 0x00000000c1e00000, 0x00000000c1e00000|
|  31|0x00000000c1f00000, 0x00000000c1f00000, 0x00000000c2000000|  0%| F|  |TS  0|AC  0|TAMS 0x00000000c1f00000, 0x00000000c1f00000|
|  32|0x00000000c2000000, 0x00000000c2000000, 0x00000000c2100000|  0%| F|  |TS  0|AC  0|TAMS 0x00000000c2000000, 0x00000000c2000000|
|  33|0x00000000c2100000, 0x00000000c2100000, 0x00000000c2200000|  0%| F|  |TS  0|AC  0|TAMS 0x00000000c2100000, 0x00000000c2100000|
|  34|0x00000000c2200000, 0x00000000c2200000, 0x00000000c2300000|  0%| F|  |TS  0|AC  0|TAMS 0x00000000c2200000, 0x00000000c2200000|
|  35|0x00000000c2300000, 0x00000000c2300000, 0x00000000c2400000|  0%| F|  |TS  0|AC  0|TAMS 0x00000000c2300000, 0x00000000c2300000|
|  36|0x00000000c2400000, 0x00000000c2400000, 0x00000000c2500000|  0%| F|  |TS  0|AC  0|TAMS 0x00000000c2400000, 0x00000000c2400000|
|  37|0x00000000c2500000, 0x00000000c2500000, 0x00000000c2600000|  0%| F|  |TS  0|AC  0|TAMS 0x00000000c2500000, 0x00000000c2500000|
|  38|0x00000000c2600000, 0x00000000c2600000, 0x00000000c2700000|  0%| F|  |TS  0|AC  0|TAMS 0x00000000c2600000, 0x00000000c2600000|
|  39|0x00000000c2700000, 0x00000000c2700000, 0x00000000c2800000|  0%| F|  |TS  0|AC  0|TAMS 0x00000000c2700000, 0x00000000c2700000|
|  40|0x00000000c2800000, 0x00000000c2800000, 0x00000000c2900000|  0%| F|  |TS  0|AC  0|TAMS 0x00000000c2800000, 0x00000000c2800000|
|  41|0x00000000c2900000, 0x00000000c2900000, 0x00000000c2a00000|  0%| F|  |TS  0|AC  0|TAMS 0x00000000c2900000, 0x00000000c2900000|
|  42|0x00000000c2a00000, 0x00000000c2a00000, 0x00000000c2b00000|  0%| F|  |TS  0|AC  0|TAMS 0x00000000c2a00000, 0x00000000c2a00000|
|  43|0x00000000c2b00000, 0x00000000c2b00000, 0x00000000c2c00000|  0%| F|  |TS  0|AC  0|TAMS 0x00000000c2b00000, 0x00000000c2b00000|
|  44|0x00000000c2c00000, 0x00000000c2c00000, 0x00000000c2d00000|  0%| F|  |TS  0|AC  0|TAMS 0x00000000c2c00000, 0x00000000c2c00000|
|  45|0x00000000c2d00000, 0x00000000c2d00000, 0x00000000c2e00000|  0%| F|  |TS  0|AC  0|TAMS 0x00000000c2d00000, 0x00000000c2d00000|
|  46|0x00000000c2e00000, 0x00000000c2e00000, 0x00000000c2f00000|  0%| F|  |TS  0|AC  0|TAMS 0x00000000c2e00000, 0x00000000c2e00000|
|  47|0x00000000c2f00000, 0x00000000c2f00000, 0x00000000c3000000|  0%| F|  |TS  0|AC  0|TAMS 0x00000000c2f00000, 0x00000000c2f00000|
|  48|0x00000000c3000000, 0x00000000c3000000, 0x00000000c3100000|  0%| F|  |TS  0|AC  0|TAMS 0x00000000c3000000, 0x00000000c3000000|
|  49|0x00000000c3100000, 0x00000000c3100000, 0x00000000c3200000|  0%| F|  |TS  0|AC  0|TAMS 0x00000000c3100000, 0x00000000c3100000|
|  50|0x00000000c3200000, 0x00000000c3200000, 0x00000000c3300000|  0%| F|  |TS  0|AC  0|TAMS 0x00000000c3200000, 0x00000000c3200000|
|  51|0x00000000c3300000, 0x00000000c3300000, 0x00000000c3400000|  0%| F|  |TS  0|AC  0|TAMS 0x00000000c3300000, 0x00000000c3300000|
|  52|0x00000000c3400000, 0x00000000c3400000, 0x00000000c3500000|  0%| F|  |TS  0|AC  0|TAMS 0x00000000c3400000, 0x00000000c3400000|
|  53|0x00000000c3500000, 0x00000000c3500000, 0x00000000c3600000|  0%| F|  |TS  0|AC  0|TAMS 0x00000000c3500000, 0x00000000c3500000|
|  54|0x00000000c3600000, 0x00000000c3600000, 0x00000000c3700000|  0%| F|  |TS  0|AC  0|TAMS 0x00000000c3600000, 0x00000000c3600000|
|  55|0x00000000c3700000, 0x00000000c3700000, 0x00000000c3800000|  0%| F|  |TS  0|AC  0|TAMS 0x00000000c3700000, 0x00000000c3700000|
|  56|0x00000000c3800000, 0x00000000c3800000, 0x00000000c3900000|  0%| F|  |TS  0|AC  0|TAMS 0x00000000c3800000, 0x00000000c3800000|
|  57|0x00000000c3900000, 0x00000000c3900000, 0x00000000c3a00000|  0%| F|  |TS  0|AC  0|TAMS 0x00000000c3900000, 0x00000000c3900000|
|  58|0x00000000c3a00000, 0x00000000c3a00000, 0x00000000c3b00000|  0%| F|  |TS  0|AC  0|TAMS 0x00000000c3a00000, 0x00000000c3a00000|
|  59|0x00000000c3b00000, 0x00000000c3b00000, 0x00000000c3c00000|  0%| F|  |TS  0|AC  0|TAMS 0x00000000c3b00000, 0x00000000c3b00000|
|  60|0x00000000c3c00000, 0x00000000c3c00000, 0x00000000c3d00000|  0%| F|  |TS  0|AC  0|TAMS 0x00000000c3c00000, 0x00000000c3c00000|
|  61|0x00000000c3d00000, 0x00000000c3d00000, 0x00000000c3e00000|  0%| F|  |TS  0|AC  0|TAMS 0x00000000c3d00000, 0x00000000c3d00000|
|  62|0x00000000c3e00000, 0x00000000c3e00000, 0x00000000c3f00000|  0%| F|  |TS  0|AC  0|TAMS 0x00000000c3e00000, 0x00000000c3e00000|
|  63|0x00000000c3f00000, 0x00000000c3f00000, 0x00000000c4000000|  0%| F|  |TS  0|AC  0|TAMS 0x00000000c3f00000, 0x00000000c3f00000|
|  64|0x00000000c4000000, 0x00000000c4000000, 0x00000000c4100000|  0%| F|  |TS  0|AC  0|TAMS 0x00000000c4000000, 0x00000000c4000000|
|  65|0x00000000c4100000, 0x00000000c4100000, 0x00000000c4200000|  0%| F|  |TS  0|AC  0|TAMS 0x00000000c4100000, 0x00000000c4100000|
|  66|0x00000000c4200000, 0x00000000c4200000, 0x00000000c4300000|  0%| F|  |TS  0|AC  0|TAMS 0x00000000c4200000, 0x00000000c4200000|
|  67|0x00000000c4300000, 0x00000000c4300000, 0x00000000c4400000|  0%| F|  |TS  0|AC  0|TAMS 0x00000000c4300000, 0x00000000c4300000|
|  68|0x00000000c4400000, 0x00000000c447f738, 0x00000000c4500000| 49%| S|CS|TS  1|AC  0|TAMS 0x00000000c4400000, 0x00000000c4400000|
|  69|0x00000000c4500000, 0x00000000c4600000, 0x00000000c4600000|100%| S|CS|TS  1|AC  0|TAMS 0x00000000c4500000, 0x00000000c4500000|
|  70|0x00000000c4600000, 0x00000000c4700000, 0x00000000c4700000|100%| S|CS|TS  1|AC  0|TAMS 0x00000000c4600000, 0x00000000c4600000|
|  71|0x00000000c4700000, 0x00000000c4800000, 0x00000000c4800000|100%| S|CS|TS  1|AC  0|TAMS 0x00000000c4700000, 0x00000000c4700000|
|  72|0x00000000c4800000, 0x00000000c4900000, 0x00000000c4900000|100%| S|CS|TS  1|AC  0|TAMS 0x00000000c4800000, 0x00000000c4800000|
|  73|0x00000000c4900000, 0x00000000c4a00000, 0x00000000c4a00000|100%| S|CS|TS  1|AC  0|TAMS 0x00000000c4900000, 0x00000000c4900000|
|  74|0x00000000c4a00000, 0x00000000c4b00000, 0x00000000c4b00000|100%| S|CS|TS  1|AC  0|TAMS 0x00000000c4a00000, 0x00000000c4a00000|
|  75|0x00000000c4b00000, 0x00000000c4b00000, 0x00000000c4c00000|  0%| F|  |TS  1|AC  0|TAMS 0x00000000c4b00000, 0x00000000c4b00000|
|  76|0x00000000c4c00000, 0x00000000c4c00000, 0x00000000c4d00000|  0%| F|  |TS  1|AC  0|TAMS 0x00000000c4c00000, 0x00000000c4c00000|
|  77|0x00000000c4d00000, 0x00000000c4d00000, 0x00000000c4e00000|  0%| F|  |TS  1|AC  0|TAMS 0x00000000c4d00000, 0x00000000c4d00000|
|  78|0x00000000c4e00000, 0x00000000c4e00000, 0x00000000c4f00000|  0%| F|  |TS  1|AC  0|TAMS 0x00000000c4e00000, 0x00000000c4e00000|
|  79|0x00000000c4f00000, 0x00000000c4f00000, 0x00000000c5000000|  0%| F|  |TS  1|AC  0|TAMS 0x00000000c4f00000, 0x00000000c4f00000|
|  80|0x00000000c5000000, 0x00000000c5000000, 0x00000000c5100000|  0%| F|  |TS  1|AC  0|TAMS 0x00000000c5000000, 0x00000000c5000000|
|  81|0x00000000c5100000, 0x00000000c5100000, 0x00000000c5200000|  0%| F|  |TS  1|AC  0|TAMS 0x00000000c5100000, 0x00000000c5100000|
|  82|0x00000000c5200000, 0x00000000c5200000, 0x00000000c5300000|  0%| F|  |TS  1|AC  0|TAMS 0x00000000c5200000, 0x00000000c5200000|
|  83|0x00000000c5300000, 0x00000000c5300000, 0x00000000c5400000|  0%| F|  |TS  1|AC  0|TAMS 0x00000000c5300000, 0x00000000c5300000|
|  84|0x00000000c5400000, 0x00000000c5400000, 0x00000000c5500000|  0%| F|  |TS  1|AC  0|TAMS 0x00000000c5400000, 0x00000000c5400000|
|  85|0x00000000c5500000, 0x00000000c5500000, 0x00000000c5600000|  0%| F|  |TS  1|AC  0|TAMS 0x00000000c5500000, 0x00000000c5500000|
|  86|0x00000000c5600000, 0x00000000c5600000, 0x00000000c5700000|  0%| F|  |TS  1|AC  0|TAMS 0x00000000c5600000, 0x00000000c5600000|
|  87|0x00000000c5700000, 0x00000000c5700000, 0x00000000c5800000|  0%| F|  |TS  1|AC  0|TAMS 0x00000000c5700000, 0x00000000c5700000|
|  88|0x00000000c5800000, 0x00000000c5800000, 0x00000000c5900000|  0%| F|  |TS  1|AC  0|TAMS 0x00000000c5800000, 0x00000000c5800000|
|  89|0x00000000c5900000, 0x00000000c5900000, 0x00000000c5a00000|  0%| F|  |TS  1|AC  0|TAMS 0x00000000c5900000, 0x00000000c5900000|
|  90|0x00000000c5a00000, 0x00000000c5a00000, 0x00000000c5b00000|  0%| F|  |TS  1|AC  0|TAMS 0x00000000c5a00000, 0x00000000c5a00000|
|  91|0x00000000c5b00000, 0x00000000c5b00000, 0x00000000c5c00000|  0%| F|  |TS  1|AC  0|TAMS 0x00000000c5b00000, 0x00000000c5b00000|
|  92|0x00000000c5c00000, 0x00000000c5c00000, 0x00000000c5d00000|  0%| F|  |TS  1|AC  0|TAMS 0x00000000c5c00000, 0x00000000c5c00000|
|  93|0x00000000c5d00000, 0x00000000c5d00000, 0x00000000c5e00000|  0%| F|  |TS  1|AC  0|TAMS 0x00000000c5d00000, 0x00000000c5d00000|
|  94|0x00000000c5e00000, 0x00000000c5e00000, 0x00000000c5f00000|  0%| F|  |TS  1|AC  0|TAMS 0x00000000c5e00000, 0x00000000c5e00000|
|  95|0x00000000c5f00000, 0x00000000c5f00000, 0x00000000c6000000|  0%| F|  |TS  1|AC  0|TAMS 0x00000000c5f00000, 0x00000000c5f00000|
|  96|0x00000000c6000000, 0x00000000c6000000, 0x00000000c6100000|  0%| F|  |TS  1|AC  0|TAMS 0x00000000c6000000, 0x00000000c6000000|
|  97|0x00000000c6100000, 0x00000000c6100000, 0x00000000c6200000|  0%| F|  |TS  1|AC  0|TAMS 0x00000000c6100000, 0x00000000c6100000|
|  98|0x00000000c6200000, 0x00000000c6200000, 0x00000000c6300000|  0%| F|  |TS  1|AC  0|TAMS 0x00000000c6200000, 0x00000000c6200000|
|  99|0x00000000c6300000, 0x00000000c6300000, 0x00000000c6400000|  0%| F|  |TS  1|AC  0|TAMS 0x00000000c6300000, 0x00000000c6300000|
| 100|0x00000000c6400000, 0x00000000c6400000, 0x00000000c6500000|  0%| F|  |TS  1|AC  0|TAMS 0x00000000c6400000, 0x00000000c6400000|
| 101|0x00000000c6500000, 0x00000000c6500000, 0x00000000c6600000|  0%| F|  |TS  1|AC  0|TAMS 0x00000000c6500000, 0x00000000c6500000|
| 102|0x00000000c6600000, 0x00000000c6600000, 0x00000000c6700000|  0%| F|  |TS  1|AC  0|TAMS 0x00000000c6600000, 0x00000000c6600000|
| 103|0x00000000c6700000, 0x00000000c6700000, 0x00000000c6800000|  0%| F|  |TS  1|AC  0|TAMS 0x00000000c6700000, 0x00000000c6700000|
| 104|0x00000000c6800000, 0x00000000c6800000, 0x00000000c6900000|  0%| F|  |TS  1|AC  0|TAMS 0x00000000c6800000, 0x00000000c6800000|
| 105|0x00000000c6900000, 0x00000000c6900000, 0x00000000c6a00000|  0%| F|  |TS  1|AC  0|TAMS 0x00000000c6900000, 0x00000000c6900000|
| 106|0x00000000c6a00000, 0x00000000c6a00000, 0x00000000c6b00000|  0%| F|  |TS  1|AC  0|TAMS 0x00000000c6a00000, 0x00000000c6a00000|
| 107|0x00000000c6b00000, 0x00000000c6b00000, 0x00000000c6c00000|  0%| F|  |TS  1|AC  0|TAMS 0x00000000c6b00000, 0x00000000c6b00000|
| 108|0x00000000c6c00000, 0x00000000c6c00000, 0x00000000c6d00000|  0%| F|  |TS  1|AC  0|TAMS 0x00000000c6c00000, 0x00000000c6c00000|
| 109|0x00000000c6d00000, 0x00000000c6d00000, 0x00000000c6e00000|  0%| F|  |TS  1|AC  0|TAMS 0x00000000c6d00000, 0x00000000c6d00000|
| 110|0x00000000c6e00000, 0x00000000c6e00000, 0x00000000c6f00000|  0%| F|  |TS  1|AC  0|TAMS 0x00000000c6e00000, 0x00000000c6e00000|
| 111|0x00000000c6f00000, 0x00000000c6f00000, 0x00000000c7000000|  0%| F|  |TS  1|AC  0|TAMS 0x00000000c6f00000, 0x00000000c6f00000|
| 112|0x00000000c7000000, 0x00000000c7000000, 0x00000000c7100000|  0%| F|  |TS  1|AC  0|TAMS 0x00000000c7000000, 0x00000000c7000000|
| 113|0x00000000c7100000, 0x00000000c7100000, 0x00000000c7200000|  0%| F|  |TS  1|AC  0|TAMS 0x00000000c7100000, 0x00000000c7100000|
| 114|0x00000000c7200000, 0x00000000c7200000, 0x00000000c7300000|  0%| F|  |TS  1|AC  0|TAMS 0x00000000c7200000, 0x00000000c7200000|
| 115|0x00000000c7300000, 0x00000000c7300000, 0x00000000c7400000|  0%| F|  |TS  1|AC  0|TAMS 0x00000000c7300000, 0x00000000c7300000|
| 116|0x00000000c7400000, 0x00000000c7400000, 0x00000000c7500000|  0%| F|  |TS  1|AC  0|TAMS 0x00000000c7400000, 0x00000000c7400000|
| 117|0x00000000c7500000, 0x00000000c7500000, 0x00000000c7600000|  0%| F|  |TS  1|AC  0|TAMS 0x00000000c7500000, 0x00000000c7500000|
| 118|0x00000000c7600000, 0x00000000c7600000, 0x00000000c7700000|  0%| F|  |TS  1|AC  0|TAMS 0x00000000c7600000, 0x00000000c7600000|
| 119|0x00000000c7700000, 0x00000000c7700000, 0x00000000c7800000|  0%| F|  |TS  1|AC  0|TAMS 0x00000000c7700000, 0x00000000c7700000|
| 120|0x00000000c7800000, 0x00000000c7800000, 0x00000000c7900000|  0%| F|  |TS  1|AC  0|TAMS 0x00000000c7800000, 0x00000000c7800000|
| 121|0x00000000c7900000, 0x00000000c7900000, 0x00000000c7a00000|  0%| F|  |TS  1|AC  0|TAMS 0x00000000c7900000, 0x00000000c7900000|
| 122|0x00000000c7a00000, 0x00000000c7a00000, 0x00000000c7b00000|  0%| F|  |TS  1|AC  0|TAMS 0x00000000c7a00000, 0x00000000c7a00000|
| 123|0x00000000c7b00000, 0x00000000c7b00000, 0x00000000c7c00000|  0%| F|  |TS  1|AC  0|TAMS 0x00000000c7b00000, 0x00000000c7b00000|
| 124|0x00000000c7c00000, 0x00000000c7c00000, 0x00000000c7d00000|  0%| F|  |TS  1|AC  0|TAMS 0x00000000c7c00000, 0x00000000c7c00000|
| 125|0x00000000c7d00000, 0x00000000c7d00000, 0x00000000c7e00000|  0%| F|  |TS  1|AC  0|TAMS 0x00000000c7d00000, 0x00000000c7d00000|
| 126|0x00000000c7e00000, 0x00000000c7e00800, 0x00000000c7f00000|  0%| E|  |TS  1|AC  0|TAMS 0x00000000c7e00000, 0x00000000c7e00000|
| 127|0x00000000c7f00000, 0x00000000c8000000, 0x00000000c8000000|100%| E|CS|TS  1|AC  0|TAMS 0x00000000c7f00000, 0x00000000c7f00000|

Card table byte_map: [0x0000017dc17d0000,0x0000017dc19d0000] byte_map_base: 0x0000017dc11d0000

Marking Bits (Prev, Next): (CMBitMap*) 0x0000017da72a19e8, (CMBitMap*) 0x0000017da72a19b0
 Prev Bits: [0x0000017dc2bd0000, 0x0000017dc3bd0000)
 Next Bits: [0x0000017dc1bd0000, 0x0000017dc2bd0000)

Polling page: 0x0000017da5190000

CodeHeap 'non-profiled nmethods': size=120064Kb used=941Kb max_used=941Kb free=119122Kb
 bounds [0x0000017dba090000, 0x0000017dba300000, 0x0000017dc15d0000]
CodeHeap 'profiled nmethods': size=120000Kb used=4543Kb max_used=4543Kb free=115456Kb
 bounds [0x0000017db2b60000, 0x0000017db2fe0000, 0x0000017dba090000]
CodeHeap 'non-nmethods': size=5696Kb used=2158Kb max_used=2200Kb free=3537Kb
 bounds [0x0000017db25d0000, 0x0000017db2840000, 0x0000017db2b60000]
 total_blobs=3729 nmethods=2261 adapters=608
 compilation: enabled

Compilation events (10 events):
Event: 5.261 Thread 0x0000017dc60fd000 2499       3       java.util.Objects::hashCode (13 bytes)
Event: 5.261 Thread 0x0000017dc60fd000 nmethod 2499 0x0000017db2fcb610 code [0x0000017db2fcb7e0, 0x0000017db2fcba30]
Event: 5.276 Thread 0x0000017dc60fd000 2501       3       com.google.common.cache.LocalCache::evictsBySize (15 bytes)
Event: 5.276 Thread 0x0000017dc60fd000 nmethod 2501 0x0000017db2fcbb10 code [0x0000017db2fcbcc0, 0x0000017db2fcbe78]
Event: 5.284 Thread 0x0000017dc60fd000 2502       3       java.util.HashMap::get (23 bytes)
Event: 5.284 Thread 0x0000017dc60fd000 nmethod 2502 0x0000017db2fcbf10 code [0x0000017db2fcc100, 0x0000017db2fcc4a0]
Event: 5.312 Thread 0x0000017dc60fd000 2503       3       jdk.internal.misc.VM::isSystemDomainLoader (17 bytes)
Event: 5.313 Thread 0x0000017dc60fd000 nmethod 2503 0x0000017db2fcc610 code [0x0000017db2fcc860, 0x0000017db2fcd220]
Event: 5.353 Thread 0x0000017dc60fd000 2504       3       java.util.TreeMap$PrivateEntryIterator::hasNext (13 bytes)
Event: 5.353 Thread 0x0000017dc60fd000 nmethod 2504 0x0000017db2fcd510 code [0x0000017db2fcd6c0, 0x0000017db2fcd878]

GC Heap History (8 events):
Event: 0.984 GC heap before
{Heap before GC invocations=0 (full 0):
 garbage-first heap   total 131072K, used 16384K [0x00000000c0000000, 0x0000000100000000)
  region size 1024K, 14 young (14336K), 0 survivors (0K)
 Metaspace       used 9310K, capacity 9544K, committed 9728K, reserved 1058816K
  class space    used 920K, capacity 969K, committed 1024K, reserved 1048576K
}
Event: 0.991 GC heap after
{Heap after GC invocations=1 (full 0):
 garbage-first heap   total 131072K, used 6470K [0x00000000c0000000, 0x0000000100000000)
  region size 1024K, 2 young (2048K), 2 survivors (2048K)
 Metaspace       used 9310K, capacity 9544K, committed 9728K, reserved 1058816K
  class space    used 920K, capacity 969K, committed 1024K, reserved 1048576K
}
Event: 1.459 GC heap before
{Heap before GC invocations=1 (full 0):
 garbage-first heap   total 131072K, used 16710K [0x00000000c0000000, 0x0000000100000000)
  region size 1024K, 12 young (12288K), 2 survivors (2048K)
 Metaspace       used 10241K, capacity 10517K, committed 10624K, reserved 1058816K
  class space    used 1030K, capacity 1101K, committed 1152K, reserved 1048576K
}
Event: 1.463 GC heap after
{Heap after GC invocations=2 (full 0):
 garbage-first heap   total 131072K, used 7002K [0x00000000c0000000, 0x0000000100000000)
  region size 1024K, 1 young (1024K), 1 survivors (1024K)
 Metaspace       used 10241K, capacity 10517K, committed 10624K, reserved 1058816K
  class space    used 1030K, capacity 1101K, committed 1152K, reserved 1048576K
}
Event: 2.307 GC heap before
{Heap before GC invocations=2 (full 0):
 garbage-first heap   total 131072K, used 35674K [0x00000000c0000000, 0x0000000100000000)
  region size 1024K, 28 young (28672K), 1 survivors (1024K)
 Metaspace       used 13269K, capacity 13693K, committed 13952K, reserved 1060864K
  class space    used 1435K, capacity 1572K, committed 1664K, reserved 1048576K
}
Event: 2.314 GC heap after
{Heap after GC invocations=3 (full 0):
 garbage-first heap   total 131072K, used 11911K [0x00000000c0000000, 0x0000000100000000)
  region size 1024K, 4 young (4096K), 4 survivors (4096K)
 Metaspace       used 13269K, capacity 13693K, committed 13952K, reserved 1060864K
  class space    used 1435K, capacity 1572K, committed 1664K, reserved 1048576K
}
Event: 3.887 GC heap before
{Heap before GC invocations=3 (full 0):
 garbage-first heap   total 131072K, used 50823K [0x00000000c0000000, 0x0000000100000000)
  region size 1024K, 43 young (44032K), 4 survivors (4096K)
 Metaspace       used 20643K, capacity 21123K, committed 21296K, reserved 1069056K
  class space    used 2510K, capacity 2688K, committed 2688K, reserved 1048576K
}
Event: 3.897 GC heap after
{Heap after GC invocations=4 (full 0):
 garbage-first heap   total 131072K, used 14190K [0x00000000c0000000, 0x0000000100000000)
  region size 1024K, 3 young (3072K), 3 survivors (3072K)
 Metaspace       used 20643K, capacity 21123K, committed 21296K, reserved 1069056K
  class space    used 2510K, capacity 2688K, committed 2688K, reserved 1048576K
}

Deoptimization events (10 events):
Event: 4.306 Thread 0x0000017dc8528800 Uncommon trap: reason=bimorphic_or_optimized_type_check action=maybe_recompile pc=0x0000017dba157360 method=java.lang.ClassLoader.loadClass(Ljava/lang/String;Z)Ljava/lang/Class; @ 38 c2
Event: 4.322 Thread 0x0000017dc8528800 Uncommon trap: reason=bimorphic_or_optimized_type_check action=maybe_recompile pc=0x0000017dba157360 method=java.lang.ClassLoader.loadClass(Ljava/lang/String;Z)Ljava/lang/Class; @ 38 c2
Event: 4.323 Thread 0x0000017dc8528800 Uncommon trap: reason=bimorphic_or_optimized_type_check action=maybe_recompile pc=0x0000017dba157360 method=java.lang.ClassLoader.loadClass(Ljava/lang/String;Z)Ljava/lang/Class; @ 38 c2
Event: 4.324 Thread 0x0000017dc8528800 Uncommon trap: reason=bimorphic_or_optimized_type_check action=maybe_recompile pc=0x0000017dba157360 method=java.lang.ClassLoader.loadClass(Ljava/lang/String;Z)Ljava/lang/Class; @ 38 c2
Event: 4.491 Thread 0x0000017dc8528800 Uncommon trap: reason=unstable_if action=reinterpret pc=0x0000017dba0ed2e0 method=java.lang.AbstractStringBuilder.append(Ljava/lang/String;)Ljava/lang/AbstractStringBuilder; @ 1 c2
Event: 4.491 Thread 0x0000017dc8528800 Uncommon trap: reason=unstable_if action=reinterpret pc=0x0000017dba0b1cb4 method=java.lang.AbstractStringBuilder.append(Ljava/lang/String;)Ljava/lang/AbstractStringBuilder; @ 1 c2
Event: 4.569 Thread 0x0000017dc8528800 Uncommon trap: reason=class_check action=maybe_recompile pc=0x0000017dba0cfcdc method=jdk.internal.loader.URLClassPath.getLoader(I)Ljdk/internal/loader/URLClassPath$Loader; @ 94 c2
Event: 4.569 Thread 0x0000017dc8528800 Uncommon trap: reason=class_check action=maybe_recompile pc=0x0000017dba1031e8 method=jdk.internal.loader.URLClassPath.getResource(Ljava/lang/String;Z)Ljdk/internal/loader/Resource; @ 53 c2
Event: 4.569 Thread 0x0000017dc8528800 Uncommon trap: reason=unstable_if action=reinterpret pc=0x0000017dba148acc method=java.lang.String.regionMatches(ZILjava/lang/String;II)Z @ 36 c2
Event: 5.262 Thread 0x0000017dc8528800 Uncommon trap: reason=unstable_if action=reinterpret pc=0x0000017dba0ff0cc method=java.util.HashMap.hash(Ljava/lang/Object;)I @ 1 c2

Classes redefined (0 events):
No events

Internal exceptions (10 events):
Event: 5.037 Thread 0x0000017dc8528800 Exception <a 'java/lang/ClassNotFoundException'{0x00000000c5a86ea0}: org/gradle/api/internal/plugins/DefaultExtraPropertiesExtensionCustomizer> (0x00000000c5a86ea0) thrown at [t:/workspace/open/src/hotspot/share/classfile/systemDictionary.cpp, line 233]
Event: 5.057 Thread 0x0000017dc8528800 Exception <a 'java/lang/ClassNotFoundException'{0x00000000c594b2e0}: groovy/lang/Closure$1BeanInfo> (0x00000000c594b2e0) thrown at [t:/workspace/open/src/hotspot/share/classfile/systemDictionary.cpp, line 233]
Event: 5.058 Thread 0x0000017dc8528800 Exception <a 'java/lang/ClassNotFoundException'{0x00000000c595db38}: groovy/lang/ClosureBeanInfo> (0x00000000c595db38) thrown at [t:/workspace/open/src/hotspot/share/classfile/systemDictionary.cpp, line 233]
Event: 5.059 Thread 0x0000017dc8528800 Exception <a 'java/lang/ClassNotFoundException'{0x00000000c596ff58}: groovy/lang/ClosureCustomizer> (0x00000000c596ff58) thrown at [t:/workspace/open/src/hotspot/share/classfile/systemDictionary.cpp, line 233]
Event: 5.067 Thread 0x0000017dc8528800 Exception <a 'java/lang/ClassNotFoundException'{0x00000000c59a0258}: groovy/lang/Closure$1Customizer> (0x00000000c59a0258) thrown at [t:/workspace/open/src/hotspot/share/classfile/systemDictionary.cpp, line 233]
Event: 5.194 Thread 0x0000017dc8528800 Exception <a 'java/lang/ClassNotFoundException'{0x00000000c56fdaf8}: org/gradle/internal/metaobject/ConfigureDelegateBeanInfo> (0x00000000c56fdaf8) thrown at [t:/workspace/open/src/hotspot/share/classfile/systemDictionary.cpp, line 233]
Event: 5.194 Thread 0x0000017dc8528800 Exception <a 'java/lang/ClassNotFoundException'{0x00000000c5514f60}: org/gradle/internal/metaobject/ConfigureDelegateCustomizer> (0x00000000c5514f60) thrown at [t:/workspace/open/src/hotspot/share/classfile/systemDictionary.cpp, line 233]
Event: 5.202 Thread 0x0000017dc8528800 Exception <a 'java/lang/ClassNotFoundException'{0x00000000c556a6d8}: org/gradle/api/internal/initialization/DefaultScriptHandlerBeanInfo> (0x00000000c556a6d8) thrown at [t:/workspace/open/src/hotspot/share/classfile/systemDictionary.cpp, line 233]
Event: 5.202 Thread 0x0000017dc8528800 Exception <a 'java/lang/ClassNotFoundException'{0x00000000c5584950}: org/gradle/api/internal/initialization/DefaultScriptHandlerCustomizer> (0x00000000c5584950) thrown at [t:/workspace/open/src/hotspot/share/classfile/systemDictionary.cpp, line 233]
Event: 5.262 Thread 0x0000017dc8528800 Implicit null exception at 0x0000017dba0feef5 to 0x0000017dba0ff0ba

Events (10 events):
Event: 5.358 loading class org/gradle/api/internal/artifacts/ivyservice/ivyresolve/ConnectionFailureRepositoryBlacklister
Event: 5.358 loading class org/gradle/api/internal/artifacts/ivyservice/ivyresolve/ConnectionFailureRepositoryBlacklister done
Event: 5.359 loading class org/gradle/api/internal/artifacts/ivyservice/resolveengine/excludes/ModuleExclusion
Event: 5.359 loading class org/gradle/api/internal/artifacts/ivyservice/resolveengine/excludes/ModuleExclusion done
Event: 5.360 loading class org/gradle/api/internal/artifacts/ivyservice/resolveengine/excludes/AbstractModuleExclusion
Event: 5.360 loading class org/gradle/api/internal/artifacts/ivyservice/resolveengine/excludes/AbstractModuleExclusion done
Event: 5.361 loading class org/gradle/api/internal/artifacts/ivyservice/resolveengine/excludes/IvyPatternMatcherExcludeRuleSpec
Event: 5.361 loading class org/gradle/api/internal/artifacts/ivyservice/resolveengine/excludes/IvyPatternMatcherExcludeRuleSpec done
Event: 5.362 loading class org/gradle/api/internal/artifacts/ivyservice/resolveengine/excludes/ModuleIdExcludeSpec
Event: 5.362 loading class org/gradle/api/internal/artifacts/ivyservice/resolveengine/excludes/ModuleIdExcludeSpec done


Dynamic libraries:
0x00007ff749300000 - 0x00007ff74933e000 	C:\Program Files\Java\jdk-10.0.2\bin\java.exe
0x00007ffb451a0000 - 0x00007ffb45381000 	C:\WINDOWS\SYSTEM32\ntdll.dll
0x00007ffb44e10000 - 0x00007ffb44ec2000 	C:\WINDOWS\System32\KERNEL32.DLL
0x00007ffb41870000 - 0x00007ffb41ae3000 	C:\WINDOWS\System32\KERNELBASE.dll
0x00007ffb44600000 - 0x00007ffb446a1000 	C:\WINDOWS\System32\ADVAPI32.dll
0x00007ffb44780000 - 0x00007ffb4481e000 	C:\WINDOWS\System32\msvcrt.dll
0x00007ffb44120000 - 0x00007ffb4417b000 	C:\WINDOWS\System32\sechost.dll
0x00007ffb44ed0000 - 0x00007ffb44ff4000 	C:\WINDOWS\System32\RPCRT4.dll
0x00007ffb42a00000 - 0x00007ffb42b90000 	C:\WINDOWS\System32\USER32.dll
0x00007ffb41b70000 - 0x00007ffb41b90000 	C:\WINDOWS\System32\win32u.dll
0x00007ffb45140000 - 0x00007ffb45168000 	C:\WINDOWS\System32\GDI32.dll
0x00007ffb415c0000 - 0x00007ffb41752000 	C:\WINDOWS\System32\gdi32full.dll
0x00007ffb41e80000 - 0x00007ffb41f1f000 	C:\WINDOWS\System32\msvcp_win.dll
0x00007ffb41b90000 - 0x00007ffb41c88000 	C:\WINDOWS\System32\ucrtbase.dll
0x00007ffb331d0000 - 0x00007ffb33439000 	C:\WINDOWS\WinSxS\amd64_microsoft.windows.common-controls_6595b64144ccf1df_6.0.17134.648_none_fb45a0e93062a6d2\COMCTL32.dll
0x00007ffb42630000 - 0x00007ffb42952000 	C:\WINDOWS\System32\combase.dll
0x00007ffb2eaf0000 - 0x00007ffb2eafa000 	C:\WINDOWS\SYSTEM32\VERSION.dll
0x00007ffb41af0000 - 0x00007ffb41b6a000 	C:\WINDOWS\System32\bcryptPrimitives.dll
0x00007ffb450b0000 - 0x00007ffb450dd000 	C:\WINDOWS\System32\IMM32.DLL
0x00007ffb31cf0000 - 0x00007ffb31ddf000 	C:\Program Files\Java\jdk-10.0.2\bin\msvcr120.dll
0x00007ffb26060000 - 0x00007ffb26106000 	C:\Program Files\Java\jdk-10.0.2\bin\msvcp120.dll
0x000000005fb30000 - 0x00000000605a0000 	C:\Program Files\Java\jdk-10.0.2\bin\server\jvm.dll
0x00007ffb44820000 - 0x00007ffb44828000 	C:\WINDOWS\System32\PSAPI.DLL
0x00007ffb400e0000 - 0x00007ffb400e9000 	C:\WINDOWS\SYSTEM32\WSOCK32.dll
0x00007ffb3f3a0000 - 0x00007ffb3f3c3000 	C:\WINDOWS\SYSTEM32\WINMM.dll
0x00007ffb44da0000 - 0x00007ffb44e0c000 	C:\WINDOWS\System32\WS2_32.dll
0x00007ffb3f370000 - 0x00007ffb3f39a000 	C:\WINDOWS\SYSTEM32\winmmbase.dll
0x00007ffb41570000 - 0x00007ffb415b9000 	C:\WINDOWS\System32\cfgmgr32.dll
0x00007ffb3f4b0000 - 0x00007ffb3f4bf000 	C:\Program Files\Java\jdk-10.0.2\bin\verify.dll
0x00007ffb3fee0000 - 0x00007ffb400a9000 	C:\WINDOWS\SYSTEM32\DBGHELP.DLL
0x00007ffb2eec0000 - 0x00007ffb2eee9000 	C:\WINDOWS\SYSTEM32\dbgcore.DLL
0x00007ffb36b40000 - 0x00007ffb36b67000 	C:\Program Files\Java\jdk-10.0.2\bin\java.dll
0x00007ffb36b20000 - 0x00007ffb36b36000 	C:\Program Files\Java\jdk-10.0.2\bin\zip.dll
0x00007ffb3d3b0000 - 0x00007ffb3d3ba000 	C:\Program Files\Java\jdk-10.0.2\bin\jimage.dll
0x00007ffb42ce0000 - 0x00007ffb44120000 	C:\WINDOWS\System32\SHELL32.dll
0x00007ffb45000000 - 0x00007ffb450a9000 	C:\WINDOWS\System32\shcore.dll
0x00007ffb41f20000 - 0x00007ffb4262d000 	C:\WINDOWS\System32\windows.storage.dll
0x00007ffb450e0000 - 0x00007ffb45131000 	C:\WINDOWS\System32\shlwapi.dll
0x00007ffb41520000 - 0x00007ffb41531000 	C:\WINDOWS\System32\kernel.appcore.dll
0x00007ffb41550000 - 0x00007ffb4156f000 	C:\WINDOWS\System32\profapi.dll
0x00007ffb414d0000 - 0x00007ffb4151c000 	C:\WINDOWS\System32\powrprof.dll
0x00007ffb41540000 - 0x00007ffb4154a000 	C:\WINDOWS\System32\FLTLIB.DLL
0x00007ffb33680000 - 0x00007ffb3369a000 	C:\Program Files\Java\jdk-10.0.2\bin\net.dll
0x00007ffb34990000 - 0x00007ffb34a6d000 	C:\WINDOWS\SYSTEM32\WINHTTP.dll
0x00007ffb40cd0000 - 0x00007ffb40d36000 	C:\WINDOWS\system32\mswsock.dll
0x00007ffb32700000 - 0x00007ffb32711000 	C:\Program Files\Java\jdk-10.0.2\bin\nio.dll
0x00007ffb31cb0000 - 0x00007ffb31cce000 	C:\Users\danie\.gradle\native\25\windows-amd64\native-platform.dll
0x00007ffb3b000000 - 0x00007ffb3b009000 	C:\Program Files\Java\jdk-10.0.2\bin\management.dll
0x00007ffb3af50000 - 0x00007ffb3af5a000 	C:\Program Files\Java\jdk-10.0.2\bin\management_ext.dll
0x00007ffb40e80000 - 0x00007ffb40e97000 	C:\WINDOWS\SYSTEM32\CRYPTSP.dll
0x00007ffb408b0000 - 0x00007ffb408e3000 	C:\WINDOWS\system32\rsaenh.dll
0x00007ffb40fb0000 - 0x00007ffb40fd5000 	C:\WINDOWS\SYSTEM32\bcrypt.dll
0x00007ffb413e0000 - 0x00007ffb41408000 	C:\WINDOWS\SYSTEM32\USERENV.dll
0x00007ffb40ea0000 - 0x00007ffb40eab000 	C:\WINDOWS\SYSTEM32\CRYPTBASE.dll
0x00007ffb40a50000 - 0x00007ffb40a88000 	C:\WINDOWS\SYSTEM32\IPHLPAPI.DLL
0x00007ffb44840000 - 0x00007ffb44848000 	C:\WINDOWS\System32\NSI.dll
0x00007ffb37100000 - 0x00007ffb37116000 	C:\WINDOWS\SYSTEM32\dhcpcsvc6.DLL
0x00007ffb370e0000 - 0x00007ffb370fa000 	C:\WINDOWS\SYSTEM32\dhcpcsvc.DLL

dbghelp: loaded successfully - version: 4.0.5 - missing functions: none
symbol engine: initialized successfully - sym options: 0x614 - pdb path: .;C:\Program Files\Java\jdk-10.0.2\bin;C:\WINDOWS\SYSTEM32;C:\WINDOWS\WinSxS\amd64_microsoft.windows.common-controls_6595b64144ccf1df_6.0.17134.648_none_fb45a0e93062a6d2;C:\Program Files\Java\jdk-10.0.2\bin\server;C:\Users\danie\.gradle\native\25\windows-amd64

VM Arguments:
jvm_args: -XX:+HeapDumpOnOutOfMemoryError -Xmx1024m -Dfile.encoding=windows-1250 -Duser.country=PL -Duser.language=pl -Duser.variant 
java_command: org.gradle.launcher.daemon.bootstrap.GradleDaemon 4.8
java_class_path (initial): C:\Users\danie\.gradle\wrapper\dists\gradle-4.8-all\41c9mvq2w0645xx6nsenaerjl\gradle-4.8\lib\gradle-launcher-4.8.jar
Launcher Type: SUN_STANDARD

Logging:
Log output configuration:
#0: stdout all=warning uptime,level,tags
#1: stderr all=off uptime,level,tags

Environment Variables:
JAVA_HOME=C:\Program Files\Java\jdk-10.0.2
PATH=C:\Program Files (x86)\Intel\iCLS Client\;C:\Program Files\Intel\iCLS Client\;C:\WINDOWS\system32;C:\WINDOWS;C:\WINDOWS\System32\Wbem;C:\WINDOWS\System32\WindowsPowerShell\v1.0\;C:\Program Files (x86)\Intel\Intel(R) Management Engine Components\DAL;C:\Program Files\Intel\Intel(R) Management Engine Components\DAL;C:\Program Files (x86)\Intel\Intel(R) Management Engine Components\IPT;C:\Program Files\Intel\Intel(R) Management Engine Components\IPT;C:\Program Files\Intel\WiFi\bin\;C:\Program Files\Common Files\Intel\WirelessCommon\;C:\WINDOWS\System32\OpenSSH\;C:\Program Files\Microsoft SQL Server\110\Tools\Binn\;C:\Program Files (x86)\Microsoft SQL Server\110\Tools\Binn\;C:\Program Files\Microsoft SQL Server\110\DTS\Binn\;C:\Program Files (x86)\Microsoft SQL Server\110\Tools\Binn\ManagementStudio\;C:\Program Files (x86)\Microsoft Visual Studio 10.0\Common7\IDE\PrivateAssemblies\;C:\Program Files (x86)\Microsoft SQL Server\110\DTS\Binn\;C:\Program Files\dotnet\;C:\Program Files\Java\jdk-10.0.2\bin;C:\Program Files\Java\jre-10.0.2\bin;E:\Programy\Git2_21\cmd;E:\nodejs\;C:\Program Files\TortoiseSVN\bin;C:\programs\apache-maven-3.5.4\bin;C:\Users\danie\AppData\Local\GitHubDesktop\bin;C:\Users\danie\AppData\Roaming\npm
USERNAME=danie
OS=Windows_NT
PROCESSOR_IDENTIFIER=Intel64 Family 6 Model 61 Stepping 4, GenuineIntel



---------------  S Y S T E M  ---------------

OS: Windows 10 , 64 bit Build 17134 (10.0.17134.648)

CPU:total 4 (initial active 4) (2 cores per cpu, 2 threads per core) family 6 model 61 stepping 4, cmov, cx8, fxsr, mmx, sse, sse2, sse3, ssse3, sse4.1, sse4.2, popcnt, avx, avx2, aes, clmul, erms, 3dnowpref, lzcnt, ht, tsc, tscinvbit, bmi1, bmi2, adx, fma

Memory: 4k page, physical 8289036k(1376580k free), swap 8289036k(8848k free)

vm_info: Java HotSpot(TM) 64-Bit Server VM (10.0.2+13) for windows-amd64 JRE (10.0.2+13), built on Jun 28 2018 01:57:56 by "mach5one" with MS VC++ 12.0 (VS2013)

END.
