#
# There is insufficient memory for the Java Runtime Environment to continue.
# Native memory allocation (malloc) failed to allocate 2428976 bytes for Chunk::new
# Possible reasons:
#   The system is out of physical RAM or swap space
#   The process is running with CompressedOops enabled, and the Java Heap may be blocking the growth of the native heap
# Possible solutions:
#   Reduce memory load on the system
#   Increase physical memory or swap space
#   Check if swap backing store is full
#   Decrease Java heap size (-Xmx/-Xms)
#   Decrease number of Java threads
#   Decrease Java thread stack sizes (-Xss)
#   Set larger code cache with -XX:ReservedCodeCacheSize=
#   JVM is running with Unscaled Compressed Oops mode in which the Java heap is
#     placed in the first 4GB address space. The Java Heap base address is the
#     maximum limit for the native heap growth. Please use -XX:HeapBaseMinAddress
#     to set the Java Heap base and to place the Java Heap above 4GB virtual address.
# This output file may be truncated or incomplete.
#
#  Out of Memory Error (t:/workspace/open/src/hotspot/share/memory/arena.cpp:198), pid=13432, tid=8436
#
# JRE version: Java(TM) SE Runtime Environment (10.0.2+13) (build 10.0.2+13)
# Java VM: Java HotSpot(TM) 64-Bit Server VM (10.0.2+13, mixed mode, tiered, compressed oops, g1 gc, windows-amd64)
# No core dump will be written. Minidumps are not enabled by default on client versions of Windows
#

---------------  S U M M A R Y ------------

Command Line: -XX:+HeapDumpOnOutOfMemoryError -Xmx1024m -Dfile.encoding=windows-1250 -Duser.country=PL -Duser.language=pl -Duser.variant org.gradle.launcher.daemon.bootstrap.GradleDaemon 4.8

Host: Intel(R) Core(TM) i5-5200U CPU @ 2.20GHz, 4 cores, 7G,  Windows 10 , 64 bit Build 17134 (10.0.17134.648)
Time: Sat Mar 16 16:06:23 2019 ?rodkowoeuropejski czas stand. elapsed time: 14 seconds (0d 0h 0m 14s)

---------------  T H R E A D  ---------------

Current thread (0x000001d8455bc800):  JavaThread "C2 CompilerThread1" daemon [_thread_in_native, id=8436, stack(0x0000003d8c700000,0x0000003d8c800000)]


Current CompileTask:
C2:  14040 3350       4       org.codehaus.groovy.runtime.metaclass.MetaMethodIndex::addMethodToList (298 bytes)

Stack: [0x0000003d8c700000,0x0000003d8c800000]
Native frames: (J=compiled Java code, j=interpreted, Vv=VM code, C=native code)
V  [jvm.dll+0x5a01a9]
V  [jvm.dll+0x6bcf31]
V  [jvm.dll+0x6be126]
V  [jvm.dll+0x6be7b3]
V  [jvm.dll+0x234978]
V  [jvm.dll+0xbb69c]
V  [jvm.dll+0xbbbac]
V  [jvm.dll+0x34bee1]
V  [jvm.dll+0x3110aa]
V  [jvm.dll+0x31063a]
V  [jvm.dll+0x1ffe91]
V  [jvm.dll+0x1ff116]
V  [jvm.dll+0x17c94b]
V  [jvm.dll+0x20c8dd]
V  [jvm.dll+0x20b6a6]
V  [jvm.dll+0x68b7ff]
V  [jvm.dll+0x59f4b0]
C  [msvcr120.dll+0x24f7f]
C  [msvcr120.dll+0x25126]
C  [KERNEL32.DLL+0x13dc4]
C  [ntdll.dll+0x73691]


---------------  P R O C E S S  ---------------

Threads class SMR info:
_java_thread_list=0x000001d847af7780, length=24, elements={
0x000001d8266f5800, 0x000001d84553d000, 0x000001d845548000, 0x000001d84559f800,
0x000001d8455a1800, 0x000001d8455a4800, 0x000001d8455bc800, 0x000001d8455bd800,
0x000001d8455be000, 0x000001d84607c800, 0x000001d846081000, 0x000001d8476c6800,
0x000001d84759f800, 0x000001d846a89800, 0x000001d84747f000, 0x000001d847406000,
0x000001d84771a800, 0x000001d84771b000, 0x000001d846e0c000, 0x000001d846e0c800,
0x000001d847a57800, 0x000001d847a58800, 0x000001d847a5c800, 0x000001d847a5d000
}

Java Threads: ( => current thread )
  0x000001d8266f5800 JavaThread "main" [_thread_blocked, id=14144, stack(0x0000003d8b500000,0x0000003d8b600000)]
  0x000001d84553d000 JavaThread "Reference Handler" daemon [_thread_blocked, id=9768, stack(0x0000003d8c200000,0x0000003d8c300000)]
  0x000001d845548000 JavaThread "Finalizer" daemon [_thread_blocked, id=5132, stack(0x0000003d8c300000,0x0000003d8c400000)]
  0x000001d84559f800 JavaThread "Signal Dispatcher" daemon [_thread_blocked, id=9888, stack(0x0000003d8c400000,0x0000003d8c500000)]
  0x000001d8455a1800 JavaThread "Attach Listener" daemon [_thread_blocked, id=7668, stack(0x0000003d8c500000,0x0000003d8c600000)]
  0x000001d8455a4800 JavaThread "C2 CompilerThread0" daemon [_thread_in_native, id=9456, stack(0x0000003d8c600000,0x0000003d8c700000)]
=>0x000001d8455bc800 JavaThread "C2 CompilerThread1" daemon [_thread_in_native, id=8436, stack(0x0000003d8c700000,0x0000003d8c800000)]
  0x000001d8455bd800 JavaThread "C1 CompilerThread2" daemon [_thread_blocked, id=3208, stack(0x0000003d8c800000,0x0000003d8c900000)]
  0x000001d8455be000 JavaThread "Sweeper thread" daemon [_thread_blocked, id=14300, stack(0x0000003d8c900000,0x0000003d8ca00000)]
  0x000001d84607c800 JavaThread "Service Thread" daemon [_thread_blocked, id=8708, stack(0x0000003d8ca00000,0x0000003d8cb00000)]
  0x000001d846081000 JavaThread "Common-Cleaner" daemon [_thread_blocked, id=1404, stack(0x0000003d8cb00000,0x0000003d8cc00000)]
  0x000001d8476c6800 JavaThread "Daemon health stats" [_thread_blocked, id=13160, stack(0x0000003d8cd00000,0x0000003d8ce00000)]
  0x000001d84759f800 JavaThread "Incoming local TCP Connector on port 51580" [_thread_in_native, id=1768, stack(0x0000003d8ce00000,0x0000003d8cf00000)]
  0x000001d846a89800 JavaThread "Daemon periodic checks" [_thread_blocked, id=1668, stack(0x0000003d8cf00000,0x0000003d8d000000)]
  0x000001d84747f000 JavaThread "Daemon" [_thread_blocked, id=4204, stack(0x0000003d8d000000,0x0000003d8d100000)]
  0x000001d847406000 JavaThread "Handler for socket connection from /127.0.0.1:51580 to /127.0.0.1:51581" [_thread_in_native, id=432, stack(0x0000003d8d100000,0x0000003d8d200000)]
  0x000001d84771a800 JavaThread "Cancel handler" [_thread_blocked, id=13944, stack(0x0000003d8d200000,0x0000003d8d300000)]
  0x000001d84771b000 JavaThread "Daemon worker" [_thread_in_vm, id=5200, stack(0x0000003d8d300000,0x0000003d8d400000)]
  0x000001d846e0c000 JavaThread "Asynchronous log dispatcher for DefaultDaemonConnection: socket connection from /127.0.0.1:51580 to /127.0.0.1:51581" [_thread_blocked, id=3132, stack(0x0000003d8d400000,0x0000003d8d500000)]
  0x000001d846e0c800 JavaThread "Stdin handler" [_thread_blocked, id=11624, stack(0x0000003d8d500000,0x0000003d8d600000)]
  0x000001d847a57800 JavaThread "Cache worker for file hash cache (C:\Users\danie\.gradle\caches\4.8\fileHashes)" [_thread_blocked, id=13704, stack(0x0000003d8d600000,0x0000003d8d700000)]
  0x000001d847a58800 JavaThread "File lock request listener" [_thread_in_native, id=8548, stack(0x0000003d8d700000,0x0000003d8d800000)]
  0x000001d847a5c800 JavaThread "Cache worker for file hash cache (C:\Users\danie\Downloads\ProjektPAI2\.gradle\4.8\fileHashes)" [_thread_blocked, id=4496, stack(0x0000003d8d800000,0x0000003d8d900000)]
  0x000001d847a5d000 JavaThread "Cache worker for Artifact transforms cache (C:\Users\danie\.gradle\caches\transforms-1)" [_thread_blocked, id=6540, stack(0x0000003d8d900000,0x0000003d8da00000)]

Other Threads:
  0x000001d845538000 VMThread "VM Thread" [stack: 0x0000003d8c100000,0x0000003d8c200000] [id=14096]
  0x000001d846089800 WatcherThread [stack: 0x0000003d8cc00000,0x0000003d8cd00000] [id=13232]
  0x000001d8246cb800 GCTaskThread "GC Thread#0" [stack: 0x0000003d8b600000,0x0000003d8b700000] [id=5652]
  0x000001d8246cd000 GCTaskThread "GC Thread#1" [stack: 0x0000003d8b700000,0x0000003d8b800000] [id=8840]
  0x000001d8246ce800 GCTaskThread "GC Thread#2" [stack: 0x0000003d8b800000,0x0000003d8b900000] [id=13768]
  0x000001d82670e000 GCTaskThread "GC Thread#3" [stack: 0x0000003d8b900000,0x0000003d8ba00000] [id=13380]
  0x000001d826745800 ConcurrentGCThread "G1 Main Marker" [stack: 0x0000003d8ba00000,0x0000003d8bb00000] [id=11688]
  0x000001d826748800 ConcurrentGCThread "G1 Conc#0" [stack: 0x0000003d8bb00000,0x0000003d8bc00000] [id=4988]
  0x000001d8267c2800 ConcurrentGCThread "G1 Refine#0" [stack: 0x0000003d8bc00000,0x0000003d8bd00000] [id=11004]
  0x000001d8453d0800 ConcurrentGCThread "G1 Refine#1" [stack: 0x0000003d8bd00000,0x0000003d8be00000] [id=11788]
  0x000001d8453d1800 ConcurrentGCThread "G1 Refine#2" [stack: 0x0000003d8be00000,0x0000003d8bf00000] [id=3952]
  0x000001d8267c3800 ConcurrentGCThread "G1 Refine#3" [stack: 0x0000003d8bf00000,0x0000003d8c000000] [id=13880]
  0x000001d8267cb000 ConcurrentGCThread "G1 Young RemSet Sampling" [stack: 0x0000003d8c000000,0x0000003d8c100000] [id=4672]

Threads with active compile tasks:
C2 CompilerThread03358       4       groovy.lang.MetaClassImpl$1MOPIter::methodNameAction (479 bytes)
C2 CompilerThread13350       4       org.codehaus.groovy.runtime.metaclass.MetaMethodIndex::addMethodToList (298 bytes)

VM state:not at safepoint (normal execution)

VM Mutex/Monitor currently owned by a thread: None

Heap address: 0x00000000c0000000, size: 1024 MB, Compressed Oops mode: 32-bit
Narrow klass base: 0x0000000000000000, Narrow klass shift: 3
Compressed class space size: 1073741824 Address: 0x0000000100000000

Heap:
 garbage-first heap   total 131072K, used 58647K [0x00000000c0000000, 0x0000000100000000)
  region size 1024K, 32 young (32768K), 2 survivors (2048K)
 Metaspace       used 37655K, capacity 38536K, committed 38908K, reserved 1083392K
  class space    used 4517K, capacity 4798K, committed 4864K, reserved 1048576K
Heap Regions: E=young(eden), S=young(survivor), O=old, HS=humongous(starts), HC=humongous(continues), CS=collection set, F=free, A=archive, TS=gc time stamp, AC=allocation context, TAMS=top-at-mark-start (previous, next)
|   0|0x00000000c0000000, 0x00000000c0100000, 0x00000000c0100000|100%|HS|  |TS  0|AC  0|TAMS 0x00000000c0100000, 0x00000000c0100000|
|   1|0x00000000c0100000, 0x00000000c0200000, 0x00000000c0200000|100%|HC|  |TS  0|AC  0|TAMS 0x00000000c0200000, 0x00000000c0200000|
|   2|0x00000000c0200000, 0x00000000c0300000, 0x00000000c0300000|100%| O|  |TS  0|AC  0|TAMS 0x00000000c0300000, 0x00000000c0300000|
|   3|0x00000000c0300000, 0x00000000c0400000, 0x00000000c0400000|100%| O|  |TS  0|AC  0|TAMS 0x00000000c0400000, 0x00000000c0400000|
|   4|0x00000000c0400000, 0x00000000c0500000, 0x00000000c0500000|100%| O|  |TS  0|AC  0|TAMS 0x00000000c0500000, 0x00000000c0500000|
|   5|0x00000000c0500000, 0x00000000c0600000, 0x00000000c0600000|100%| O|  |TS  0|AC  0|TAMS 0x00000000c0600000, 0x00000000c0600000|
|   6|0x00000000c0600000, 0x00000000c0700000, 0x00000000c0700000|100%| O|  |TS  0|AC  0|TAMS 0x00000000c0700000, 0x00000000c0700000|
|   7|0x00000000c0700000, 0x00000000c0800000, 0x00000000c0800000|100%| O|  |TS  0|AC  0|TAMS 0x00000000c0800000, 0x00000000c0800000|
|   8|0x00000000c0800000, 0x00000000c0900000, 0x00000000c0900000|100%| O|  |TS  0|AC  0|TAMS 0x00000000c0900000, 0x00000000c0900000|
|   9|0x00000000c0900000, 0x00000000c0a00000, 0x00000000c0a00000|100%| O|  |TS  0|AC  0|TAMS 0x00000000c0a00000, 0x00000000c0a00000|
|  10|0x00000000c0a00000, 0x00000000c0b00000, 0x00000000c0b00000|100%| O|  |TS  0|AC  0|TAMS 0x00000000c0b00000, 0x00000000c0b00000|
|  11|0x00000000c0b00000, 0x00000000c0c00000, 0x00000000c0c00000|100%|HS|  |TS  0|AC  0|TAMS 0x00000000c0c00000, 0x00000000c0c00000|
|  12|0x00000000c0c00000, 0x00000000c0d00000, 0x00000000c0d00000|100%|HC|  |TS  0|AC  0|TAMS 0x00000000c0d00000, 0x00000000c0d00000|
|  13|0x00000000c0d00000, 0x00000000c0e00000, 0x00000000c0e00000|100%|HS|  |TS  0|AC  0|TAMS 0x00000000c0e00000, 0x00000000c0e00000|
|  14|0x00000000c0e00000, 0x00000000c0f00000, 0x00000000c0f00000|100%|HC|  |TS  0|AC  0|TAMS 0x00000000c0f00000, 0x00000000c0f00000|
|  15|0x00000000c0f00000, 0x00000000c1000000, 0x00000000c1000000|100%|HC|  |TS  0|AC  0|TAMS 0x00000000c1000000, 0x00000000c1000000|
|  16|0x00000000c1000000, 0x00000000c1100000, 0x00000000c1100000|100%|HS|  |TS  0|AC  0|TAMS 0x00000000c1100000, 0x00000000c1100000|
|  17|0x00000000c1100000, 0x00000000c1200000, 0x00000000c1200000|100%|HC|  |TS  0|AC  0|TAMS 0x00000000c1200000, 0x00000000c1200000|
|  18|0x00000000c1200000, 0x00000000c1300000, 0x00000000c1300000|100%|HC|  |TS  0|AC  0|TAMS 0x00000000c1300000, 0x00000000c1300000|
|  19|0x00000000c1300000, 0x00000000c1300000, 0x00000000c1400000|  0%| F|  |TS  0|AC  0|TAMS 0x00000000c1300000, 0x00000000c1300000|
|  20|0x00000000c1400000, 0x00000000c1400000, 0x00000000c1500000|  0%| F|  |TS  0|AC  0|TAMS 0x00000000c1400000, 0x00000000c1400000|
|  21|0x00000000c1500000, 0x00000000c1500000, 0x00000000c1600000|  0%| F|  |TS  0|AC  0|TAMS 0x00000000c1500000, 0x00000000c1500000|
|  22|0x00000000c1600000, 0x00000000c1700000, 0x00000000c1700000|100%| O|  |TS  0|AC  0|TAMS 0x00000000c1700000, 0x00000000c1700000|
|  23|0x00000000c1700000, 0x00000000c1800000, 0x00000000c1800000|100%| O|  |TS  0|AC  0|TAMS 0x00000000c1800000, 0x00000000c1800000|
|  24|0x00000000c1800000, 0x00000000c1900000, 0x00000000c1900000|100%| O|  |TS  0|AC  0|TAMS 0x00000000c1900000, 0x00000000c1900000|
|  25|0x00000000c1900000, 0x00000000c1a00000, 0x00000000c1a00000|100%| O|  |TS  0|AC  0|TAMS 0x00000000c1a00000, 0x00000000c1a00000|
|  26|0x00000000c1a00000, 0x00000000c1b00000, 0x00000000c1b00000|100%| O|  |TS  0|AC  0|TAMS 0x00000000c1b00000, 0x00000000c1b00000|
|  27|0x00000000c1b00000, 0x00000000c1c00000, 0x00000000c1c00000|100%| O|  |TS  0|AC  0|TAMS 0x00000000c1c00000, 0x00000000c1c00000|
|  28|0x00000000c1c00000, 0x00000000c1d00000, 0x00000000c1d00000|100%| O|  |TS  0|AC  0|TAMS 0x00000000c1d00000, 0x00000000c1d00000|
|  29|0x00000000c1d00000, 0x00000000c1d61a00, 0x00000000c1e00000| 38%| O|  |TS  0|AC  0|TAMS 0x00000000c1d61a00, 0x00000000c1d61a00|
|  30|0x00000000c1e00000, 0x00000000c1e00000, 0x00000000c1f00000|  0%| F|  |TS  0|AC  0|TAMS 0x00000000c1e00000, 0x00000000c1e00000|
|  31|0x00000000c1f00000, 0x00000000c1f00000, 0x00000000c2000000|  0%| F|  |TS  0|AC  0|TAMS 0x00000000c1f00000, 0x00000000c1f00000|
|  32|0x00000000c2000000, 0x00000000c2000000, 0x00000000c2100000|  0%| F|  |TS  0|AC  0|TAMS 0x00000000c2000000, 0x00000000c2000000|
|  33|0x00000000c2100000, 0x00000000c2100000, 0x00000000c2200000|  0%| F|  |TS  0|AC  0|TAMS 0x00000000c2100000, 0x00000000c2100000|
|  34|0x00000000c2200000, 0x00000000c2200000, 0x00000000c2300000|  0%| F|  |TS  0|AC  0|TAMS 0x00000000c2200000, 0x00000000c2200000|
|  35|0x00000000c2300000, 0x00000000c2300000, 0x00000000c2400000|  0%| F|  |TS  0|AC  0|TAMS 0x00000000c2300000, 0x00000000c2300000|
|  36|0x00000000c2400000, 0x00000000c2400000, 0x00000000c2500000|  0%| F|  |TS  0|AC  0|TAMS 0x00000000c2400000, 0x00000000c2400000|
|  37|0x00000000c2500000, 0x00000000c2500000, 0x00000000c2600000|  0%| F|  |TS  0|AC  0|TAMS 0x00000000c2500000, 0x00000000c2500000|
|  38|0x00000000c2600000, 0x00000000c2600000, 0x00000000c2700000|  0%| F|  |TS  0|AC  0|TAMS 0x00000000c2600000, 0x00000000c2600000|
|  39|0x00000000c2700000, 0x00000000c2700000, 0x00000000c2800000|  0%| F|  |TS  0|AC  0|TAMS 0x00000000c2700000, 0x00000000c2700000|
|  40|0x00000000c2800000, 0x00000000c2800000, 0x00000000c2900000|  0%| F|  |TS  0|AC  0|TAMS 0x00000000c2800000, 0x00000000c2800000|
|  41|0x00000000c2900000, 0x00000000c2900000, 0x00000000c2a00000|  0%| F|  |TS  0|AC  0|TAMS 0x00000000c2900000, 0x00000000c2900000|
|  42|0x00000000c2a00000, 0x00000000c2a00000, 0x00000000c2b00000|  0%| F|  |TS  0|AC  0|TAMS 0x00000000c2a00000, 0x00000000c2a00000|
|  43|0x00000000c2b00000, 0x00000000c2b00000, 0x00000000c2c00000|  0%| F|  |TS  0|AC  0|TAMS 0x00000000c2b00000, 0x00000000c2b00000|
|  44|0x00000000c2c00000, 0x00000000c2c00000, 0x00000000c2d00000|  0%| F|  |TS  0|AC  0|TAMS 0x00000000c2c00000, 0x00000000c2c00000|
|  45|0x00000000c2d00000, 0x00000000c2d00000, 0x00000000c2e00000|  0%| F|  |TS  0|AC  0|TAMS 0x00000000c2d00000, 0x00000000c2d00000|
|  46|0x00000000c2e00000, 0x00000000c2e00000, 0x00000000c2f00000|  0%| F|  |TS  0|AC  0|TAMS 0x00000000c2e00000, 0x00000000c2e00000|
|  47|0x00000000c2f00000, 0x00000000c2f00000, 0x00000000c3000000|  0%| F|  |TS  0|AC  0|TAMS 0x00000000c2f00000, 0x00000000c2f00000|
|  48|0x00000000c3000000, 0x00000000c3000000, 0x00000000c3100000|  0%| F|  |TS  0|AC  0|TAMS 0x00000000c3000000, 0x00000000c3000000|
|  49|0x00000000c3100000, 0x00000000c3100000, 0x00000000c3200000|  0%| F|  |TS  0|AC  0|TAMS 0x00000000c3100000, 0x00000000c3100000|
|  50|0x00000000c3200000, 0x00000000c3200000, 0x00000000c3300000|  0%| F|  |TS  0|AC  0|TAMS 0x00000000c3200000, 0x00000000c3200000|
|  51|0x00000000c3300000, 0x00000000c3300000, 0x00000000c3400000|  0%| F|  |TS  0|AC  0|TAMS 0x00000000c3300000, 0x00000000c3300000|
|  52|0x00000000c3400000, 0x00000000c3400000, 0x00000000c3500000|  0%| F|  |TS  0|AC  0|TAMS 0x00000000c3400000, 0x00000000c3400000|
|  53|0x00000000c3500000, 0x00000000c3500000, 0x00000000c3600000|  0%| F|  |TS  0|AC  0|TAMS 0x00000000c3500000, 0x00000000c3500000|
|  54|0x00000000c3600000, 0x00000000c3600000, 0x00000000c3700000|  0%| F|  |TS  0|AC  0|TAMS 0x00000000c3600000, 0x00000000c3600000|
|  55|0x00000000c3700000, 0x00000000c3700000, 0x00000000c3800000|  0%| F|  |TS  0|AC  0|TAMS 0x00000000c3700000, 0x00000000c3700000|
|  56|0x00000000c3800000, 0x00000000c3800000, 0x00000000c3900000|  0%| F|  |TS  0|AC  0|TAMS 0x00000000c3800000, 0x00000000c3800000|
|  57|0x00000000c3900000, 0x00000000c3900000, 0x00000000c3a00000|  0%| F|  |TS  0|AC  0|TAMS 0x00000000c3900000, 0x00000000c3900000|
|  58|0x00000000c3a00000, 0x00000000c3a00000, 0x00000000c3b00000|  0%| F|  |TS  0|AC  0|TAMS 0x00000000c3a00000, 0x00000000c3a00000|
|  59|0x00000000c3b00000, 0x00000000c3b00000, 0x00000000c3c00000|  0%| F|  |TS  0|AC  0|TAMS 0x00000000c3b00000, 0x00000000c3b00000|
|  60|0x00000000c3c00000, 0x00000000c3c00000, 0x00000000c3d00000|  0%| F|  |TS  0|AC  0|TAMS 0x00000000c3c00000, 0x00000000c3c00000|
|  61|0x00000000c3d00000, 0x00000000c3d00000, 0x00000000c3e00000|  0%| F|  |TS  0|AC  0|TAMS 0x00000000c3d00000, 0x00000000c3d00000|
|  62|0x00000000c3e00000, 0x00000000c3e00000, 0x00000000c3f00000|  0%| F|  |TS  0|AC  0|TAMS 0x00000000c3e00000, 0x00000000c3e00000|
|  63|0x00000000c3f00000, 0x00000000c3f00000, 0x00000000c4000000|  0%| F|  |TS  0|AC  0|TAMS 0x00000000c3f00000, 0x00000000c3f00000|
|  64|0x00000000c4000000, 0x00000000c4000000, 0x00000000c4100000|  0%| F|  |TS  0|AC  0|TAMS 0x00000000c4000000, 0x00000000c4000000|
|  65|0x00000000c4100000, 0x00000000c4100000, 0x00000000c4200000|  0%| F|  |TS  0|AC  0|TAMS 0x00000000c4100000, 0x00000000c4100000|
|  66|0x00000000c4200000, 0x00000000c4200000, 0x00000000c4300000|  0%| F|  |TS  0|AC  0|TAMS 0x00000000c4200000, 0x00000000c4200000|
|  67|0x00000000c4300000, 0x00000000c4300000, 0x00000000c4400000|  0%| F|  |TS  0|AC  0|TAMS 0x00000000c4300000, 0x00000000c4300000|
|  68|0x00000000c4400000, 0x00000000c4400000, 0x00000000c4500000|  0%| F|  |TS  0|AC  0|TAMS 0x00000000c4400000, 0x00000000c4400000|
|  69|0x00000000c4500000, 0x00000000c4500000, 0x00000000c4600000|  0%| F|  |TS  0|AC  0|TAMS 0x00000000c4500000, 0x00000000c4500000|
|  70|0x00000000c4600000, 0x00000000c4600000, 0x00000000c4700000|  0%| F|  |TS  0|AC  0|TAMS 0x00000000c4600000, 0x00000000c4600000|
|  71|0x00000000c4700000, 0x00000000c4700000, 0x00000000c4800000|  0%| F|  |TS  0|AC  0|TAMS 0x00000000c4700000, 0x00000000c4700000|
|  72|0x00000000c4800000, 0x00000000c4800000, 0x00000000c4900000|  0%| F|  |TS  0|AC  0|TAMS 0x00000000c4800000, 0x00000000c4800000|
|  73|0x00000000c4900000, 0x00000000c4900000, 0x00000000c4a00000|  0%| F|  |TS  0|AC  0|TAMS 0x00000000c4900000, 0x00000000c4900000|
|  74|0x00000000c4a00000, 0x00000000c4a00000, 0x00000000c4b00000|  0%| F|  |TS  0|AC  0|TAMS 0x00000000c4a00000, 0x00000000c4a00000|
|  75|0x00000000c4b00000, 0x00000000c4b00000, 0x00000000c4c00000|  0%| F|  |TS  0|AC  0|TAMS 0x00000000c4b00000, 0x00000000c4b00000|
|  76|0x00000000c4c00000, 0x00000000c4c00000, 0x00000000c4d00000|  0%| F|  |TS  0|AC  0|TAMS 0x00000000c4c00000, 0x00000000c4c00000|
|  77|0x00000000c4d00000, 0x00000000c4d00000, 0x00000000c4e00000|  0%| F|  |TS  0|AC  0|TAMS 0x00000000c4d00000, 0x00000000c4d00000|
|  78|0x00000000c4e00000, 0x00000000c4e00000, 0x00000000c4f00000|  0%| F|  |TS  0|AC  0|TAMS 0x00000000c4e00000, 0x00000000c4e00000|
|  79|0x00000000c4f00000, 0x00000000c4f00000, 0x00000000c5000000|  0%| F|  |TS  0|AC  0|TAMS 0x00000000c4f00000, 0x00000000c4f00000|
|  80|0x00000000c5000000, 0x00000000c5000000, 0x00000000c5100000|  0%| F|  |TS  0|AC  0|TAMS 0x00000000c5000000, 0x00000000c5000000|
|  81|0x00000000c5100000, 0x00000000c5100000, 0x00000000c5200000|  0%| F|  |TS  0|AC  0|TAMS 0x00000000c5100000, 0x00000000c5100000|
|  82|0x00000000c5200000, 0x00000000c5200000, 0x00000000c5300000|  0%| F|  |TS  0|AC  0|TAMS 0x00000000c5200000, 0x00000000c5200000|
|  83|0x00000000c5300000, 0x00000000c5300000, 0x00000000c5400000|  0%| F|  |TS  0|AC  0|TAMS 0x00000000c5300000, 0x00000000c5300000|
|  84|0x00000000c5400000, 0x00000000c5400000, 0x00000000c5500000|  0%| F|  |TS  0|AC  0|TAMS 0x00000000c5400000, 0x00000000c5400000|
|  85|0x00000000c5500000, 0x00000000c5500000, 0x00000000c5600000|  0%| F|  |TS  0|AC  0|TAMS 0x00000000c5500000, 0x00000000c5500000|
|  86|0x00000000c5600000, 0x00000000c5600000, 0x00000000c5700000|  0%| F|  |TS  0|AC  0|TAMS 0x00000000c5600000, 0x00000000c5600000|
|  87|0x00000000c5700000, 0x00000000c5700000, 0x00000000c5800000|  0%| F|  |TS  0|AC  0|TAMS 0x00000000c5700000, 0x00000000c5700000|
|  88|0x00000000c5800000, 0x00000000c5800000, 0x00000000c5900000|  0%| F|  |TS  0|AC  0|TAMS 0x00000000c5800000, 0x00000000c5800000|
|  89|0x00000000c5900000, 0x00000000c5900000, 0x00000000c5a00000|  0%| F|  |TS  0|AC  0|TAMS 0x00000000c5900000, 0x00000000c5900000|
|  90|0x00000000c5a00000, 0x00000000c5a00000, 0x00000000c5b00000|  0%| F|  |TS  0|AC  0|TAMS 0x00000000c5a00000, 0x00000000c5a00000|
|  91|0x00000000c5b00000, 0x00000000c5b00000, 0x00000000c5c00000|  0%| F|  |TS  0|AC  0|TAMS 0x00000000c5b00000, 0x00000000c5b00000|
|  92|0x00000000c5c00000, 0x00000000c5ce4378, 0x00000000c5d00000| 89%| S|CS|TS  0|AC  0|TAMS 0x00000000c5c00000, 0x00000000c5c00000|
|  93|0x00000000c5d00000, 0x00000000c5e00000, 0x00000000c5e00000|100%| S|CS|TS  0|AC  0|TAMS 0x00000000c5d00000, 0x00000000c5d00000|
|  94|0x00000000c5e00000, 0x00000000c5e00000, 0x00000000c5f00000|  0%| F|  |TS  0|AC  0|TAMS 0x00000000c5e00000, 0x00000000c5e00000|
|  95|0x00000000c5f00000, 0x00000000c5f00000, 0x00000000c6000000|  0%| F|  |TS  0|AC  0|TAMS 0x00000000c5f00000, 0x00000000c5f00000|
|  96|0x00000000c6000000, 0x00000000c6000000, 0x00000000c6100000|  0%| F|  |TS  0|AC  0|TAMS 0x00000000c6000000, 0x00000000c6000000|
|  97|0x00000000c6100000, 0x00000000c6180800, 0x00000000c6200000| 50%| E|  |TS  0|AC  0|TAMS 0x00000000c6100000, 0x00000000c6100000|
|  98|0x00000000c6200000, 0x00000000c6300000, 0x00000000c6300000|100%| E|CS|TS  0|AC  0|TAMS 0x00000000c6200000, 0x00000000c6200000|
|  99|0x00000000c6300000, 0x00000000c6400000, 0x00000000c6400000|100%| E|CS|TS  0|AC  0|TAMS 0x00000000c6300000, 0x00000000c6300000|
| 100|0x00000000c6400000, 0x00000000c6500000, 0x00000000c6500000|100%| E|CS|TS  0|AC  0|TAMS 0x00000000c6400000, 0x00000000c6400000|
| 101|0x00000000c6500000, 0x00000000c6600000, 0x00000000c6600000|100%| E|CS|TS  0|AC  0|TAMS 0x00000000c6500000, 0x00000000c6500000|
| 102|0x00000000c6600000, 0x00000000c6700000, 0x00000000c6700000|100%| E|CS|TS  0|AC  0|TAMS 0x00000000c6600000, 0x00000000c6600000|
| 103|0x00000000c6700000, 0x00000000c6800000, 0x00000000c6800000|100%| E|CS|TS  0|AC  0|TAMS 0x00000000c6700000, 0x00000000c6700000|
| 104|0x00000000c6800000, 0x00000000c6900000, 0x00000000c6900000|100%| E|CS|TS  0|AC  0|TAMS 0x00000000c6800000, 0x00000000c6800000|
| 105|0x00000000c6900000, 0x00000000c6a00000, 0x00000000c6a00000|100%| E|CS|TS  0|AC  0|TAMS 0x00000000c6900000, 0x00000000c6900000|
| 106|0x00000000c6a00000, 0x00000000c6b00000, 0x00000000c6b00000|100%| E|CS|TS  0|AC  0|TAMS 0x00000000c6a00000, 0x00000000c6a00000|
| 107|0x00000000c6b00000, 0x00000000c6c00000, 0x00000000c6c00000|100%| E|CS|TS  0|AC  0|TAMS 0x00000000c6b00000, 0x00000000c6b00000|
| 108|0x00000000c6c00000, 0x00000000c6d00000, 0x00000000c6d00000|100%| E|CS|TS  0|AC  0|TAMS 0x00000000c6c00000, 0x00000000c6c00000|
| 109|0x00000000c6d00000, 0x00000000c6e00000, 0x00000000c6e00000|100%| E|CS|TS  0|AC  0|TAMS 0x00000000c6d00000, 0x00000000c6d00000|
| 110|0x00000000c6e00000, 0x00000000c6f00000, 0x00000000c6f00000|100%| E|CS|TS  0|AC  0|TAMS 0x00000000c6e00000, 0x00000000c6e00000|
| 111|0x00000000c6f00000, 0x00000000c7000000, 0x00000000c7000000|100%| E|CS|TS  0|AC  0|TAMS 0x00000000c6f00000, 0x00000000c6f00000|
| 112|0x00000000c7000000, 0x00000000c7100000, 0x00000000c7100000|100%| E|CS|TS  0|AC  0|TAMS 0x00000000c7000000, 0x00000000c7000000|
| 113|0x00000000c7100000, 0x00000000c7200000, 0x00000000c7200000|100%| E|CS|TS  0|AC  0|TAMS 0x00000000c7100000, 0x00000000c7100000|
| 114|0x00000000c7200000, 0x00000000c7300000, 0x00000000c7300000|100%| E|CS|TS  0|AC  0|TAMS 0x00000000c7200000, 0x00000000c7200000|
| 115|0x00000000c7300000, 0x00000000c7400000, 0x00000000c7400000|100%| E|CS|TS  0|AC  0|TAMS 0x00000000c7300000, 0x00000000c7300000|
| 116|0x00000000c7400000, 0x00000000c7500000, 0x00000000c7500000|100%| E|CS|TS  0|AC  0|TAMS 0x00000000c7400000, 0x00000000c7400000|
| 117|0x00000000c7500000, 0x00000000c7600000, 0x00000000c7600000|100%| E|CS|TS  0|AC  0|TAMS 0x00000000c7500000, 0x00000000c7500000|
| 118|0x00000000c7600000, 0x00000000c7700000, 0x00000000c7700000|100%| E|CS|TS  0|AC  0|TAMS 0x00000000c7600000, 0x00000000c7600000|
| 119|0x00000000c7700000, 0x00000000c7800000, 0x00000000c7800000|100%| E|CS|TS  0|AC  0|TAMS 0x00000000c7700000, 0x00000000c7700000|
| 120|0x00000000c7800000, 0x00000000c7900000, 0x00000000c7900000|100%| E|CS|TS  0|AC  0|TAMS 0x00000000c7800000, 0x00000000c7800000|
| 121|0x00000000c7900000, 0x00000000c7a00000, 0x00000000c7a00000|100%| E|CS|TS  0|AC  0|TAMS 0x00000000c7900000, 0x00000000c7900000|
| 122|0x00000000c7a00000, 0x00000000c7b00000, 0x00000000c7b00000|100%| E|CS|TS  0|AC  0|TAMS 0x00000000c7a00000, 0x00000000c7a00000|
| 123|0x00000000c7b00000, 0x00000000c7c00000, 0x00000000c7c00000|100%| E|CS|TS  0|AC  0|TAMS 0x00000000c7b00000, 0x00000000c7b00000|
| 124|0x00000000c7c00000, 0x00000000c7d00000, 0x00000000c7d00000|100%| E|CS|TS  0|AC  0|TAMS 0x00000000c7c00000, 0x00000000c7c00000|
| 125|0x00000000c7d00000, 0x00000000c7e00000, 0x00000000c7e00000|100%| E|CS|TS  0|AC  0|TAMS 0x00000000c7d00000, 0x00000000c7d00000|
| 126|0x00000000c7e00000, 0x00000000c7f00000, 0x00000000c7f00000|100%| E|CS|TS  0|AC  0|TAMS 0x00000000c7e00000, 0x00000000c7e00000|
| 127|0x00000000c7f00000, 0x00000000c8000000, 0x00000000c8000000|100%| E|CS|TS  0|AC  0|TAMS 0x00000000c7f00000, 0x00000000c7f00000|

Card table byte_map: [0x000001d840c80000,0x000001d840e80000] byte_map_base: 0x000001d840680000

Marking Bits (Prev, Next): (CMBitMap*) 0x000001d826744ad0, (CMBitMap*) 0x000001d826744b08
 Prev Bits: [0x000001d841080000, 0x000001d842080000)
 Next Bits: [0x000001d842080000, 0x000001d843080000)

Polling page: 0x000001d8245c0000

CodeHeap 'non-profiled nmethods': size=120064Kb used=1624Kb max_used=1624Kb free=118439Kb
 bounds [0x000001d839540000, 0x000001d8397b0000, 0x000001d840a80000]
CodeHeap 'profiled nmethods': size=120000Kb used=6887Kb max_used=6887Kb free=113112Kb
 bounds [0x000001d832010000, 0x000001d8326d0000, 0x000001d839540000]
CodeHeap 'non-nmethods': size=5696Kb used=2174Kb max_used=2200Kb free=3521Kb
 bounds [0x000001d831a80000, 0x000001d831cf0000, 0x000001d832010000]
 total_blobs=4954 nmethods=3220 adapters=631
 compilation: enabled

Compilation events (10 events):
Event: 14.025 Thread 0x000001d8455bd800 3443       3       java.util.Calendar::setTimeInMillis (84 bytes)
Event: 14.025 Thread 0x000001d8455bd800 nmethod 3443 0x000001d8326c7390 code [0x000001d8326c7580, 0x000001d8326c7b30]
Event: 14.027 Thread 0x000001d8455bd800 3444       1       java.util.regex.Pattern::flags (5 bytes)
Event: 14.027 Thread 0x000001d8455bd800 nmethod 3444 0x000001d8396d5190 code [0x000001d8396d5340, 0x000001d8396d5458]
Event: 14.027 Thread 0x000001d8455bd800 3445       3       java.util.regex.CharPredicates$$Lambda$4/1018937824::is (5 bytes)
Event: 14.028 Thread 0x000001d8455bd800 nmethod 3445 0x000001d8326c7c10 code [0x000001d8326c7e00, 0x000001d8326c8258]
Event: 14.033 Thread 0x000001d8455bd800 3446       3       com.esotericsoftware.kryo.io.Output::writeString (125 bytes)
Event: 14.034 Thread 0x000001d8455bd800 nmethod 3446 0x000001d8326c8410 code [0x000001d8326c8640, 0x000001d8326c8ca0]
Event: 14.036 Thread 0x000001d8455bd800 3447       3       java.util.concurrent.ConcurrentHashMap::<init> (44 bytes)
Event: 14.037 Thread 0x000001d8455bd800 nmethod 3447 0x000001d8326c8e90 code [0x000001d8326c9080, 0x000001d8326c9440]

GC Heap History (10 events):
Event: 2.058 GC heap before
{Heap before GC invocations=2 (full 0):
 garbage-first heap   total 131072K, used 33689K [0x00000000c0000000, 0x0000000100000000)
  region size 1024K, 26 young (26624K), 1 survivors (1024K)
 Metaspace       used 10970K, capacity 11250K, committed 11520K, reserved 1058816K
  class space    used 1147K, capacity 1238K, committed 1280K, reserved 1048576K
}
Event: 2.063 GC heap after
{Heap after GC invocations=3 (full 0):
 garbage-first heap   total 131072K, used 10765K [0x00000000c0000000, 0x0000000100000000)
  region size 1024K, 4 young (4096K), 4 survivors (4096K)
 Metaspace       used 10970K, capacity 11250K, committed 11520K, reserved 1058816K
  class space    used 1147K, capacity 1238K, committed 1280K, reserved 1048576K
}
Event: 3.868 GC heap before
{Heap before GC invocations=3 (full 0):
 garbage-first heap   total 131072K, used 53773K [0x00000000c0000000, 0x0000000100000000)
  region size 1024K, 46 young (47104K), 4 survivors (4096K)
 Metaspace       used 20008K, capacity 20432K, committed 20608K, reserved 1067008K
  class space    used 2423K, capacity 2585K, committed 2688K, reserved 1048576K
}
Event: 3.878 GC heap after
{Heap after GC invocations=4 (full 0):
 garbage-first heap   total 131072K, used 13958K [0x00000000c0000000, 0x0000000100000000)
  region size 1024K, 4 young (4096K), 4 survivors (4096K)
 Metaspace       used 20008K, capacity 20432K, committed 20608K, reserved 1067008K
  class space    used 2423K, capacity 2585K, committed 2688K, reserved 1048576K
}
Event: 3.970 GC heap before
{Heap before GC invocations=4 (full 0):
 garbage-first heap   total 131072K, used 16006K [0x00000000c0000000, 0x0000000100000000)
  region size 1024K, 7 young (7168K), 4 survivors (4096K)
 Metaspace       used 20641K, capacity 21125K, committed 21296K, reserved 1069056K
  class space    used 2510K, capacity 2688K, committed 2688K, reserved 1048576K
}
Event: 3.976 GC heap after
{Heap after GC invocations=5 (full 0):
 garbage-first heap   total 131072K, used 14217K [0x00000000c0000000, 0x0000000100000000)
  region size 1024K, 4 young (4096K), 4 survivors (4096K)
 Metaspace       used 20641K, capacity 21125K, committed 21296K, reserved 1069056K
  class space    used 2510K, capacity 2688K, committed 2688K, reserved 1048576K
}
Event: 10.422 GC heap before
{Heap before GC invocations=6 (full 0):
 garbage-first heap   total 131072K, used 77705K [0x00000000c0000000, 0x0000000100000000)
  region size 1024K, 58 young (59392K), 4 survivors (4096K)
 Metaspace       used 30727K, capacity 31383K, committed 31616K, reserved 1077248K
  class space    used 3686K, capacity 3900K, committed 3968K, reserved 1048576K
}
Event: 10.442 GC heap after
{Heap after GC invocations=7 (full 0):
 garbage-first heap   total 131072K, used 27029K [0x00000000c0000000, 0x0000000100000000)
  region size 1024K, 8 young (8192K), 8 survivors (8192K)
 Metaspace       used 30727K, capacity 31383K, committed 31616K, reserved 1077248K
  class space    used 3686K, capacity 3900K, committed 3968K, reserved 1048576K
}
Event: 11.259 GC heap before
{Heap before GC invocations=7 (full 0):
 garbage-first heap   total 131072K, used 63893K [0x00000000c0000000, 0x0000000100000000)
  region size 1024K, 42 young (43008K), 8 survivors (8192K)
 Metaspace       used 34848K, capacity 35447K, committed 35708K, reserved 1081344K
  class space    used 4241K, capacity 4436K, committed 4480K, reserved 1048576K
}
Event: 11.276 GC heap after
{Heap after GC invocations=8 (full 0):
 garbage-first heap   total 131072K, used 28951K [0x00000000c0000000, 0x0000000100000000)
  region size 1024K, 2 young (2048K), 2 survivors (2048K)
 Metaspace       used 34848K, capacity 35447K, committed 35708K, reserved 1081344K
  class space    used 4241K, capacity 4436K, committed 4480K, reserved 1048576K
}

Deoptimization events (10 events):
Event: 9.972 Thread 0x000001d84771b000 Uncommon trap: reason=class_check action=maybe_recompile pc=0x000001d8395b3eec method=jdk.internal.loader.URLClassPath.getResource(Ljava/lang/String;Z)Ljdk/internal/loader/Resource; @ 53 c2
Event: 9.972 Thread 0x000001d84771b000 Uncommon trap: reason=unstable_if action=reinterpret pc=0x000001d8395faf4c method=java.lang.String.regionMatches(ZILjava/lang/String;II)Z @ 36 c2
Event: 10.336 Thread 0x000001d84771b000 Uncommon trap: reason=unstable_if action=reinterpret pc=0x000001d839676cc0 method=jdk.internal.org.objectweb.asm.Type.getArgumentsAndReturnSizes(Ljava/lang/String;)I @ 136 c2
Event: 10.654 Thread 0x000001d84771b000 Uncommon trap: reason=unstable_if action=reinterpret pc=0x000001d8395bb94c method=java.util.HashMap.hash(Ljava/lang/Object;)I @ 1 c2
Event: 10.676 Thread 0x000001d84771b000 Uncommon trap: reason=unstable_if action=reinterpret pc=0x000001d8395625ac method=java.util.HashMap.hash(Ljava/lang/Object;)I @ 1 c2
Event: 10.750 Thread 0x000001d84771b000 Uncommon trap: reason=unstable_if action=reinterpret pc=0x000001d839598f50 method=java.io.WinNTFileSystem.resolve(Ljava/lang/String;Ljava/lang/String;)Ljava/lang/String; @ 83 c2
Event: 11.190 Thread 0x000001d84771b000 Uncommon trap: reason=unstable_if action=reinterpret pc=0x000001d839689504 method=org.objectweb.asm.Type.appendDescriptor(Ljava/lang/StringBuilder;Ljava/lang/Class;)V @ 6 c2
Event: 13.263 Thread 0x000001d84771b000 Uncommon trap: reason=unstable_if action=reinterpret pc=0x000001d83964770c method=groovyjarjarantlr.CharQueue.append(C)V @ 9 c2
Event: 13.594 Thread 0x000001d84771b000 Uncommon trap: reason=unstable_if action=reinterpret pc=0x000001d83968b98c method=org.objectweb.asm.ByteVector.putShort(I)Lorg/objectweb/asm/ByteVector; @ 13 c2
Event: 13.877 Thread 0x000001d84771b000 Uncommon trap: reason=unstable_if action=reinterpret pc=0x000001d839562e2c method=java.util.WeakHashMap.expungeStaleEntries()V @ 9 c2

Classes redefined (0 events):
No events

Internal exceptions (10 events):
Event: 13.919 Thread 0x000001d84771b000 Exception <a 'java/lang/ClassNotFoundException'{0x00000000c66fe698}: java/util/AbstractCollectionBeanInfo> (0x00000000c66fe698) thrown at [t:/workspace/open/src/hotspot/share/classfile/systemDictionary.cpp, line 233]
Event: 13.919 Thread 0x000001d84771b000 Exception <a 'java/lang/ClassNotFoundException'{0x00000000c6505760}: java/util/AbstractCollectionCustomizer> (0x00000000c6505760) thrown at [t:/workspace/open/src/hotspot/share/classfile/systemDictionary.cpp, line 233]
Event: 13.921 Thread 0x000001d84771b000 Exception <a 'java/lang/ClassNotFoundException'{0x00000000c6516578}: java/util/AbstractSetCustomizer> (0x00000000c6516578) thrown at [t:/workspace/open/src/hotspot/share/classfile/systemDictionary.cpp, line 233]
Event: 13.923 Thread 0x000001d84771b000 Exception <a 'java/lang/ClassNotFoundException'{0x00000000c6521f60}: java/util/HashSetCustomizer> (0x00000000c6521f60) thrown at [t:/workspace/open/src/hotspot/share/classfile/systemDictionary.cpp, line 233]
Event: 13.937 Thread 0x000001d84771b000 Exception <a 'java/lang/ClassNotFoundException'{0x00000000c65ce4c0}: org/gradle/invocation/DefaultGradle_DecoratedBeanInfo> (0x00000000c65ce4c0) thrown at [t:/workspace/open/src/hotspot/share/classfile/systemDictionary.cpp, line 233]
Event: 13.938 Thread 0x000001d84771b000 Exception <a 'java/lang/ClassNotFoundException'{0x00000000c65e7a90}: org/gradle/invocation/DefaultGradleBeanInfo> (0x00000000c65e7a90) thrown at [t:/workspace/open/src/hotspot/share/classfile/systemDictionary.cpp, line 233]
Event: 13.940 Thread 0x000001d84771b000 Exception <a 'java/lang/ClassNotFoundException'{0x00000000c64045d0}: org/gradle/api/internal/project/AbstractPluginAwareBeanInfo> (0x00000000c64045d0) thrown at [t:/workspace/open/src/hotspot/share/classfile/systemDictionary.cpp, line 233]
Event: 13.942 Thread 0x000001d84771b000 Exception <a 'java/lang/ClassNotFoundException'{0x00000000c6420b80}: org/gradle/api/internal/project/AbstractPluginAwareCustomizer> (0x00000000c6420b80) thrown at [t:/workspace/open/src/hotspot/share/classfile/systemDictionary.cpp, line 233]
Event: 13.944 Thread 0x000001d84771b000 Exception <a 'java/lang/ClassNotFoundException'{0x00000000c6440250}: org/gradle/invocation/DefaultGradleCustomizer> (0x00000000c6440250) thrown at [t:/workspace/open/src/hotspot/share/classfile/systemDictionary.cpp, line 233]
Event: 13.951 Thread 0x000001d84771b000 Exception <a 'java/lang/ClassNotFoundException'{0x00000000c6486998}: org/gradle/invocation/DefaultGradle_DecoratedCustomizer> (0x00000000c6486998) thrown at [t:/workspace/open/src/hotspot/share/classfile/systemDictionary.cpp, line 233]

Events (10 events):
Event: 14.006 loading class org/gradle/plugin/internal/PluginUsePluginServiceRegistry$SettingsScopeServices
Event: 14.006 loading class org/gradle/plugin/internal/PluginUsePluginServiceRegistry$SettingsScopeServices done
Event: 14.008 loading class org/gradle/initialization/DefaultProjectDescriptorRegistry
Event: 14.008 loading class org/gradle/initialization/DefaultProjectDescriptorRegistry done
Event: 14.013 loading class org/gradle/configuration/InitialPassSettingScriptTarget
Event: 14.013 loading class org/gradle/configuration/InitialPassSettingScriptTarget done
Event: 14.015 loading class org/gradle/configuration/SettingScriptTarget
Event: 14.015 loading class org/gradle/configuration/SettingScriptTarget done
Event: 14.016 loading class org/gradle/initialization/SettingsScript
Event: 14.016 loading class org/gradle/initialization/SettingsScript done


Dynamic libraries:
0x00007ff749300000 - 0x00007ff74933e000 	C:\Program Files\Java\jdk-10.0.2\bin\java.exe
0x00007ffb451a0000 - 0x00007ffb45381000 	C:\WINDOWS\SYSTEM32\ntdll.dll
0x00007ffb44e10000 - 0x00007ffb44ec2000 	C:\WINDOWS\System32\KERNEL32.DLL
0x00007ffb41870000 - 0x00007ffb41ae3000 	C:\WINDOWS\System32\KERNELBASE.dll
0x00007ffb44600000 - 0x00007ffb446a1000 	C:\WINDOWS\System32\ADVAPI32.dll
0x00007ffb44780000 - 0x00007ffb4481e000 	C:\WINDOWS\System32\msvcrt.dll
0x00007ffb44120000 - 0x00007ffb4417b000 	C:\WINDOWS\System32\sechost.dll
0x00007ffb44ed0000 - 0x00007ffb44ff4000 	C:\WINDOWS\System32\RPCRT4.dll
0x00007ffb42a00000 - 0x00007ffb42b90000 	C:\WINDOWS\System32\USER32.dll
0x00007ffb41b70000 - 0x00007ffb41b90000 	C:\WINDOWS\System32\win32u.dll
0x00007ffb45140000 - 0x00007ffb45168000 	C:\WINDOWS\System32\GDI32.dll
0x00007ffb415c0000 - 0x00007ffb41752000 	C:\WINDOWS\System32\gdi32full.dll
0x00007ffb41e80000 - 0x00007ffb41f1f000 	C:\WINDOWS\System32\msvcp_win.dll
0x00007ffb41b90000 - 0x00007ffb41c88000 	C:\WINDOWS\System32\ucrtbase.dll
0x00007ffb331d0000 - 0x00007ffb33439000 	C:\WINDOWS\WinSxS\amd64_microsoft.windows.common-controls_6595b64144ccf1df_6.0.17134.648_none_fb45a0e93062a6d2\COMCTL32.dll
0x00007ffb42630000 - 0x00007ffb42952000 	C:\WINDOWS\System32\combase.dll
0x00007ffb2eaf0000 - 0x00007ffb2eafa000 	C:\WINDOWS\SYSTEM32\VERSION.dll
0x00007ffb41af0000 - 0x00007ffb41b6a000 	C:\WINDOWS\System32\bcryptPrimitives.dll
0x00007ffb450b0000 - 0x00007ffb450dd000 	C:\WINDOWS\System32\IMM32.DLL
0x00007ffb31cf0000 - 0x00007ffb31ddf000 	C:\Program Files\Java\jdk-10.0.2\bin\msvcr120.dll
0x00007ffb26060000 - 0x00007ffb26106000 	C:\Program Files\Java\jdk-10.0.2\bin\msvcp120.dll
0x000000005fb30000 - 0x00000000605a0000 	C:\Program Files\Java\jdk-10.0.2\bin\server\jvm.dll
0x00007ffb44820000 - 0x00007ffb44828000 	C:\WINDOWS\System32\PSAPI.DLL
0x00007ffb400e0000 - 0x00007ffb400e9000 	C:\WINDOWS\SYSTEM32\WSOCK32.dll
0x00007ffb44da0000 - 0x00007ffb44e0c000 	C:\WINDOWS\System32\WS2_32.dll
0x00007ffb3f3a0000 - 0x00007ffb3f3c3000 	C:\WINDOWS\SYSTEM32\WINMM.dll
0x00007ffb3f370000 - 0x00007ffb3f39a000 	C:\WINDOWS\SYSTEM32\WINMMBASE.dll
0x00007ffb41570000 - 0x00007ffb415b9000 	C:\WINDOWS\System32\cfgmgr32.dll
0x00007ffb3f4b0000 - 0x00007ffb3f4bf000 	C:\Program Files\Java\jdk-10.0.2\bin\verify.dll
0x00007ffb3fee0000 - 0x00007ffb400a9000 	C:\WINDOWS\SYSTEM32\DBGHELP.DLL
0x00007ffb2eec0000 - 0x00007ffb2eee9000 	C:\WINDOWS\SYSTEM32\dbgcore.DLL
0x00007ffb36b40000 - 0x00007ffb36b67000 	C:\Program Files\Java\jdk-10.0.2\bin\java.dll
0x00007ffb36b20000 - 0x00007ffb36b36000 	C:\Program Files\Java\jdk-10.0.2\bin\zip.dll
0x00007ffb3d3b0000 - 0x00007ffb3d3ba000 	C:\Program Files\Java\jdk-10.0.2\bin\jimage.dll
0x00007ffb42ce0000 - 0x00007ffb44120000 	C:\WINDOWS\System32\SHELL32.dll
0x00007ffb45000000 - 0x00007ffb450a9000 	C:\WINDOWS\System32\shcore.dll
0x00007ffb41f20000 - 0x00007ffb4262d000 	C:\WINDOWS\System32\windows.storage.dll
0x00007ffb450e0000 - 0x00007ffb45131000 	C:\WINDOWS\System32\shlwapi.dll
0x00007ffb41520000 - 0x00007ffb41531000 	C:\WINDOWS\System32\kernel.appcore.dll
0x00007ffb41550000 - 0x00007ffb4156f000 	C:\WINDOWS\System32\profapi.dll
0x00007ffb414d0000 - 0x00007ffb4151c000 	C:\WINDOWS\System32\powrprof.dll
0x00007ffb41540000 - 0x00007ffb4154a000 	C:\WINDOWS\System32\FLTLIB.DLL
0x00007ffb33680000 - 0x00007ffb3369a000 	C:\Program Files\Java\jdk-10.0.2\bin\net.dll
0x00007ffb34990000 - 0x00007ffb34a6d000 	C:\WINDOWS\SYSTEM32\WINHTTP.dll
0x00007ffb40cd0000 - 0x00007ffb40d36000 	C:\WINDOWS\system32\mswsock.dll
0x00007ffb32700000 - 0x00007ffb32711000 	C:\Program Files\Java\jdk-10.0.2\bin\nio.dll
0x00007ffb31cb0000 - 0x00007ffb31cce000 	C:\Users\danie\.gradle\native\25\windows-amd64\native-platform.dll
0x00007ffb3b000000 - 0x00007ffb3b009000 	C:\Program Files\Java\jdk-10.0.2\bin\management.dll
0x00007ffb3af50000 - 0x00007ffb3af5a000 	C:\Program Files\Java\jdk-10.0.2\bin\management_ext.dll
0x00007ffb40e80000 - 0x00007ffb40e97000 	C:\WINDOWS\SYSTEM32\CRYPTSP.dll
0x00007ffb408b0000 - 0x00007ffb408e3000 	C:\WINDOWS\system32\rsaenh.dll
0x00007ffb40fb0000 - 0x00007ffb40fd5000 	C:\WINDOWS\SYSTEM32\bcrypt.dll
0x00007ffb413e0000 - 0x00007ffb41408000 	C:\WINDOWS\SYSTEM32\USERENV.dll
0x00007ffb40ea0000 - 0x00007ffb40eab000 	C:\WINDOWS\SYSTEM32\CRYPTBASE.dll
0x00007ffb40a50000 - 0x00007ffb40a88000 	C:\WINDOWS\SYSTEM32\IPHLPAPI.DLL
0x00007ffb44840000 - 0x00007ffb44848000 	C:\WINDOWS\System32\NSI.dll
0x00007ffb37100000 - 0x00007ffb37116000 	C:\WINDOWS\SYSTEM32\dhcpcsvc6.DLL
0x00007ffb370e0000 - 0x00007ffb370fa000 	C:\WINDOWS\SYSTEM32\dhcpcsvc.DLL

dbghelp: loaded successfully - version: 4.0.5 - missing functions: none
symbol engine: initialized successfully - sym options: 0x614 - pdb path: .;C:\Program Files\Java\jdk-10.0.2\bin;C:\WINDOWS\SYSTEM32;C:\WINDOWS\WinSxS\amd64_microsoft.windows.common-controls_6595b64144ccf1df_6.0.17134.648_none_fb45a0e93062a6d2;C:\Program Files\Java\jdk-10.0.2\bin\server;C:\Users\danie\.gradle\native\25\windows-amd64

VM Arguments:
jvm_args: -XX:+HeapDumpOnOutOfMemoryError -Xmx1024m -Dfile.encoding=windows-1250 -Duser.country=PL -Duser.language=pl -Duser.variant 
java_command: org.gradle.launcher.daemon.bootstrap.GradleDaemon 4.8
java_class_path (initial): C:\Users\danie\.gradle\wrapper\dists\gradle-4.8-all\41c9mvq2w0645xx6nsenaerjl\gradle-4.8\lib\gradle-launcher-4.8.jar
Launcher Type: SUN_STANDARD

Logging:
Log output configuration:
#0: stdout all=warning uptime,level,tags
#1: stderr all=off uptime,level,tags

Environment Variables:
JAVA_HOME=C:\Program Files\Java\jdk-10.0.2
PATH=C:\Program Files (x86)\Intel\iCLS Client\;C:\Program Files\Intel\iCLS Client\;C:\WINDOWS\system32;C:\WINDOWS;C:\WINDOWS\System32\Wbem;C:\WINDOWS\System32\WindowsPowerShell\v1.0\;C:\Program Files (x86)\Intel\Intel(R) Management Engine Components\DAL;C:\Program Files\Intel\Intel(R) Management Engine Components\DAL;C:\Program Files (x86)\Intel\Intel(R) Management Engine Components\IPT;C:\Program Files\Intel\Intel(R) Management Engine Components\IPT;C:\Program Files\Intel\WiFi\bin\;C:\Program Files\Common Files\Intel\WirelessCommon\;C:\WINDOWS\System32\OpenSSH\;C:\Program Files\Microsoft SQL Server\110\Tools\Binn\;C:\Program Files (x86)\Microsoft SQL Server\110\Tools\Binn\;C:\Program Files\Microsoft SQL Server\110\DTS\Binn\;C:\Program Files (x86)\Microsoft SQL Server\110\Tools\Binn\ManagementStudio\;C:\Program Files (x86)\Microsoft Visual Studio 10.0\Common7\IDE\PrivateAssemblies\;C:\Program Files (x86)\Microsoft SQL Server\110\DTS\Binn\;C:\Program Files\dotnet\;C:\Program Files\Java\jdk-10.0.2\bin;C:\Program Files\Java\jre-10.0.2\bin;E:\Programy\Git2_21\cmd;E:\nodejs\;C:\Program Files\TortoiseSVN\bin;C:\programs\apache-maven-3.5.4\bin;C:\Users\danie\AppData\Local\GitHubDesktop\bin;C:\Users\danie\AppData\Roaming\npm
USERNAME=danie
OS=Windows_NT
PROCESSOR_IDENTIFIER=Intel64 Family 6 Model 61 Stepping 4, GenuineIntel



---------------  S Y S T E M  ---------------

OS: Windows 10 , 64 bit Build 17134 (10.0.17134.648)

CPU:total 4 (initial active 4) (2 cores per cpu, 2 threads per core) family 6 model 61 stepping 4, cmov, cx8, fxsr, mmx, sse, sse2, sse3, ssse3, sse4.1, sse4.2, popcnt, avx, avx2, aes, clmul, erms, 3dnowpref, lzcnt, ht, tsc, tscinvbit, bmi1, bmi2, adx, fma

Memory: 4k page, physical 8289036k(1359492k free), swap 8289036k(5312k free)

vm_info: Java HotSpot(TM) 64-Bit Server VM (10.0.2+13) for windows-amd64 JRE (10.0.2+13), built on Jun 28 2018 01:57:56 by "mach5one" with MS VC++ 12.0 (VS2013)

END.
